[ 2017-03-03T13:29:30+08:00 ] 127.0.0.16 127.0.0.1 GET /
[ log ] www.tp5.com/ [运行时间：0.517300s][吞吐率：1.93req/s] [内存消耗：1,786.80kb] [文件加载：47]
[ info ] [ LANG ] D:\wamp\www\myblog\thinkphp\lang\zh-cn.php
[ info ] [ BIND ] 'web'
[ info ] [ ROUTE ] array (
  'type' => 'module',
  'module' => 
  array (
    0 => 'web',
    1 => 'index',
    2 => 'index',
  ),
)
[ info ] [ HEADER ] array (
  'host' => 'www.tp5.com',
  'connection' => 'keep-alive',
  'upgrade-insecure-requests' => '1',
  'user-agent' => 'Mozilla/5.0 (Windows NT 10.0; WOW64) AppleWebKit/537.36 (KHTML, like Gecko) Chrome/56.0.2924.87 Safari/537.36',
  'accept' => 'text/html,application/xhtml+xml,application/xml;q=0.9,image/webp,*/*;q=0.8',
  'accept-encoding' => 'gzip, deflate, sdch',
  'accept-language' => 'zh-CN,zh;q=0.8',
)
[ info ] [ PARAM ] array (
)
[ info ] [ RUN ] app\web\controller\Index->index[ D:\wamp\www\myblog\application\web\controller\Index.php ]
[ info ] [ VIEW ] D:\wamp\www\myblog\public/../application/web\view\index.html [ array (
) ]
[ info ] [ LOG ] INIT File

---------------------------------------------------------------
[ 2017-03-03T14:26:34+08:00 ] 127.0.0.16 127.0.0.1 GET /admin/index
[ log ] www.tp5.com/admin/index [运行时间：0.295735s][吞吐率：3.38req/s] [内存消耗：1,387.91kb] [文件加载：39]
[ info ] [ LANG ] D:\wamp\www\myblog\thinkphp\lang\zh-cn.php
[ info ] [ BIND ] 'web'
[ info ] [ ROUTE ] array (
  'type' => 'module',
  'module' => 
  array (
    0 => 'web',
    1 => 'admin',
    2 => 'index',
  ),
)
[ info ] [ HEADER ] array (
  'host' => 'www.tp5.com',
  'connection' => 'keep-alive',
  'upgrade-insecure-requests' => '1',
  'user-agent' => 'Mozilla/5.0 (Windows NT 10.0; WOW64) AppleWebKit/537.36 (KHTML, like Gecko) Chrome/56.0.2924.87 Safari/537.36',
  'accept' => 'text/html,application/xhtml+xml,application/xml;q=0.9,image/webp,*/*;q=0.8',
  'accept-encoding' => 'gzip, deflate, sdch',
  'accept-language' => 'zh-CN,zh;q=0.8',
)
[ info ] [ PARAM ] array (
)
[ info ] [ LOG ] INIT File

---------------------------------------------------------------
[ 2017-03-03T14:26:51+08:00 ] 127.0.0.16 127.0.0.1 GET /admin/index/index
[ log ] www.tp5.com/admin/index/index [运行时间：0.281157s][吞吐率：3.56req/s] [内存消耗：1,387.90kb] [文件加载：39]
[ info ] [ LANG ] D:\wamp\www\myblog\thinkphp\lang\zh-cn.php
[ info ] [ BIND ] 'web'
[ info ] [ ROUTE ] array (
  'type' => 'module',
  'module' => 
  array (
    0 => 'web',
    1 => 'admin',
    2 => 'index',
  ),
)
[ info ] [ HEADER ] array (
  'host' => 'www.tp5.com',
  'connection' => 'keep-alive',
  'upgrade-insecure-requests' => '1',
  'user-agent' => 'Mozilla/5.0 (Windows NT 10.0; WOW64) AppleWebKit/537.36 (KHTML, like Gecko) Chrome/56.0.2924.87 Safari/537.36',
  'accept' => 'text/html,application/xhtml+xml,application/xml;q=0.9,image/webp,*/*;q=0.8',
  'accept-encoding' => 'gzip, deflate, sdch',
  'accept-language' => 'zh-CN,zh;q=0.8',
)
[ info ] [ PARAM ] array (
)
[ info ] [ LOG ] INIT File

---------------------------------------------------------------
[ 2017-03-03T14:27:03+08:00 ] 127.0.0.16 127.0.0.1 GET /admin.php/index/index
[ log ] www.tp5.com/admin.php/index/index [运行时间：0.383872s][吞吐率：2.61req/s] [内存消耗：1,688.27kb] [文件加载：49]
[ info ] [ LANG ] D:\wamp\www\myblog\thinkphp\lang\zh-cn.php
[ info ] [ BIND ] 'admin'
[ info ] [ ROUTE ] array (
  'type' => 'module',
  'module' => 
  array (
    0 => 'admin',
    1 => 'index',
    2 => 'index',
  ),
)
[ info ] [ HEADER ] array (
  'host' => 'www.tp5.com',
  'connection' => 'keep-alive',
  'upgrade-insecure-requests' => '1',
  'user-agent' => 'Mozilla/5.0 (Windows NT 10.0; WOW64) AppleWebKit/537.36 (KHTML, like Gecko) Chrome/56.0.2924.87 Safari/537.36',
  'accept' => 'text/html,application/xhtml+xml,application/xml;q=0.9,image/webp,*/*;q=0.8',
  'accept-encoding' => 'gzip, deflate, sdch',
  'accept-language' => 'zh-CN,zh;q=0.8',
)
[ info ] [ PARAM ] array (
)
[ info ] [ RUN ] app\admin\controller\Index->index[ D:\wamp\www\myblog\application\admin\controller\Index.php ]
[ info ] [ LOG ] INIT File
[ error ] [1]Class 'think\model' not found[D:\wamp\www\myblog\application\admin\model\User.php:4]

---------------------------------------------------------------
[ 2017-03-03T14:27:26+08:00 ] 127.0.0.16 127.0.0.1 GET /admin.php/index/index
[ log ] www.tp5.com/admin.php/index/index [运行时间：0.362264s][吞吐率：2.76req/s] [内存消耗：2,597.39kb] [文件加载：56]
[ info ] [ LANG ] D:\wamp\www\myblog\thinkphp\lang\zh-cn.php
[ info ] [ BIND ] 'admin'
[ info ] [ ROUTE ] array (
  'type' => 'module',
  'module' => 
  array (
    0 => 'admin',
    1 => 'index',
    2 => 'index',
  ),
)
[ info ] [ HEADER ] array (
  'host' => 'www.tp5.com',
  'connection' => 'keep-alive',
  'cache-control' => 'max-age=0',
  'upgrade-insecure-requests' => '1',
  'user-agent' => 'Mozilla/5.0 (Windows NT 10.0; WOW64) AppleWebKit/537.36 (KHTML, like Gecko) Chrome/56.0.2924.87 Safari/537.36',
  'accept' => 'text/html,application/xhtml+xml,application/xml;q=0.9,image/webp,*/*;q=0.8',
  'accept-encoding' => 'gzip, deflate, sdch',
  'accept-language' => 'zh-CN,zh;q=0.8',
)
[ info ] [ PARAM ] array (
)
[ info ] [ RUN ] app\admin\controller\Index->index[ D:\wamp\www\myblog\application\admin\controller\Index.php ]
[ info ] [ DB ] INIT mysql
[ info ] [ LOG ] INIT File
[ error ] [2]Missing argument 1 for app\admin\model\User::login(), called in D:\wamp\www\myblog\application\admin\controller\Index.php on line 21 and defined[D:\wamp\www\myblog\application\admin\model\User.php:5]

---------------------------------------------------------------
[ 2017-03-03T14:28:16+08:00 ] 127.0.0.16 127.0.0.1 GET /admin.php/index/index
[ log ] www.tp5.com/admin.php/index/index [运行时间：0.286510s][吞吐率：3.49req/s] [内存消耗：2,552.66kb] [文件加载：52]
[ info ] [ LANG ] D:\wamp\www\myblog\thinkphp\lang\zh-cn.php
[ info ] [ BIND ] 'admin'
[ info ] [ ROUTE ] array (
  'type' => 'module',
  'module' => 
  array (
    0 => 'admin',
    1 => 'index',
    2 => 'index',
  ),
)
[ info ] [ HEADER ] array (
  'host' => 'www.tp5.com',
  'connection' => 'keep-alive',
  'cache-control' => 'max-age=0',
  'upgrade-insecure-requests' => '1',
  'user-agent' => 'Mozilla/5.0 (Windows NT 10.0; WOW64) AppleWebKit/537.36 (KHTML, like Gecko) Chrome/56.0.2924.87 Safari/537.36',
  'accept' => 'text/html,application/xhtml+xml,application/xml;q=0.9,image/webp,*/*;q=0.8',
  'accept-encoding' => 'gzip, deflate, sdch',
  'accept-language' => 'zh-CN,zh;q=0.8',
)
[ info ] [ PARAM ] array (
)
[ info ] [ RUN ] app\admin\controller\Index->index[ D:\wamp\www\myblog\application\admin\controller\Index.php ]
[ info ] [ DB ] INIT mysql
[ info ] [ LOG ] INIT File

---------------------------------------------------------------
[ 2017-03-03T14:37:25+08:00 ] 127.0.0.16 127.0.0.1 GET /admin.php/index/index
[ log ] www.tp5.com/admin.php/index/index [运行时间：0.448743s][吞吐率：2.23req/s] [内存消耗：2,643.98kb] [文件加载：58]
[ info ] [ LANG ] D:\wamp\www\myblog\thinkphp\lang\zh-cn.php
[ info ] [ BIND ] 'admin'
[ info ] [ ROUTE ] array (
  'type' => 'module',
  'module' => 
  array (
    0 => 'admin',
    1 => 'index',
    2 => 'index',
  ),
)
[ info ] [ HEADER ] array (
  'host' => 'www.tp5.com',
  'connection' => 'keep-alive',
  'cache-control' => 'max-age=0',
  'upgrade-insecure-requests' => '1',
  'user-agent' => 'Mozilla/5.0 (Windows NT 10.0; WOW64) AppleWebKit/537.36 (KHTML, like Gecko) Chrome/56.0.2924.87 Safari/537.36',
  'accept' => 'text/html,application/xhtml+xml,application/xml;q=0.9,image/webp,*/*;q=0.8',
  'accept-encoding' => 'gzip, deflate, sdch',
  'accept-language' => 'zh-CN,zh;q=0.8',
)
[ info ] [ PARAM ] array (
)
[ info ] [ RUN ] app\admin\controller\Index->index[ D:\wamp\www\myblog\application\admin\controller\Index.php ]
[ info ] [ DB ] INIT mysql
[ info ] [ LOG ] INIT File
[ sql ] [ DB ] CONNECT:[ UseTime:0.009651s ] mysql:host=localhost;dbname=test
[ error ] [10501]SQLSTATE[42S22]: Column not found: 1054 Unknown column 'password' in 'field list'[D:\wamp\www\myblog\thinkphp\library\think\db\Connection.php:383]

---------------------------------------------------------------
[ 2017-03-03T14:37:46+08:00 ] 127.0.0.16 127.0.0.1 GET /admin.php/index/index
[ log ] www.tp5.com/admin.php/index/index [运行时间：0.256874s][吞吐率：3.89req/s] [内存消耗：2,644.01kb] [文件加载：58]
[ info ] [ LANG ] D:\wamp\www\myblog\thinkphp\lang\zh-cn.php
[ info ] [ BIND ] 'admin'
[ info ] [ ROUTE ] array (
  'type' => 'module',
  'module' => 
  array (
    0 => 'admin',
    1 => 'index',
    2 => 'index',
  ),
)
[ info ] [ HEADER ] array (
  'host' => 'www.tp5.com',
  'connection' => 'keep-alive',
  'cache-control' => 'max-age=0',
  'upgrade-insecure-requests' => '1',
  'user-agent' => 'Mozilla/5.0 (Windows NT 10.0; WOW64) AppleWebKit/537.36 (KHTML, like Gecko) Chrome/56.0.2924.87 Safari/537.36',
  'accept' => 'text/html,application/xhtml+xml,application/xml;q=0.9,image/webp,*/*;q=0.8',
  'accept-encoding' => 'gzip, deflate, sdch',
  'accept-language' => 'zh-CN,zh;q=0.8',
)
[ info ] [ PARAM ] array (
)
[ info ] [ RUN ] app\admin\controller\Index->index[ D:\wamp\www\myblog\application\admin\controller\Index.php ]
[ info ] [ DB ] INIT mysql
[ info ] [ LOG ] INIT File
[ sql ] [ DB ] CONNECT:[ UseTime:0.002904s ] mysql:host=localhost;dbname=test
[ error ] [10501]SQLSTATE[42S02]: Base table or view not found: 1146 Table 'test.adminuser' doesn't exist[D:\wamp\www\myblog\thinkphp\library\think\db\Connection.php:383]

---------------------------------------------------------------
[ 2017-03-03T14:38:38+08:00 ] 127.0.0.16 127.0.0.1 GET /admin.php/index/index
[ log ] www.tp5.com/admin.php/index/index [运行时间：0.337955s][吞吐率：2.96req/s] [内存消耗：2,599.94kb] [文件加载：53]
[ info ] [ LANG ] D:\wamp\www\myblog\thinkphp\lang\zh-cn.php
[ info ] [ BIND ] 'admin'
[ info ] [ ROUTE ] array (
  'type' => 'module',
  'module' => 
  array (
    0 => 'admin',
    1 => 'index',
    2 => 'index',
  ),
)
[ info ] [ HEADER ] array (
  'host' => 'www.tp5.com',
  'connection' => 'keep-alive',
  'cache-control' => 'max-age=0',
  'upgrade-insecure-requests' => '1',
  'user-agent' => 'Mozilla/5.0 (Windows NT 10.0; WOW64) AppleWebKit/537.36 (KHTML, like Gecko) Chrome/56.0.2924.87 Safari/537.36',
  'accept' => 'text/html,application/xhtml+xml,application/xml;q=0.9,image/webp,*/*;q=0.8',
  'accept-encoding' => 'gzip, deflate, sdch',
  'accept-language' => 'zh-CN,zh;q=0.8',
)
[ info ] [ PARAM ] array (
)
[ info ] [ RUN ] app\admin\controller\Index->index[ D:\wamp\www\myblog\application\admin\controller\Index.php ]
[ info ] [ DB ] INIT mysql
[ info ] [ LOG ] INIT File
[ sql ] [ DB ] CONNECT:[ UseTime:0.003579s ] mysql:host=localhost;dbname=myblog
[ sql ] [ SQL ] select `password` from adminuser [ RunTime:0.005477s ]

---------------------------------------------------------------
[ 2017-03-03T14:39:11+08:00 ] 127.0.0.16 127.0.0.1 GET /admin.php/index/index
[ log ] www.tp5.com/admin.php/index/index [运行时间：0.403351s][吞吐率：2.48req/s] [内存消耗：2,599.98kb] [文件加载：53]
[ info ] [ LANG ] D:\wamp\www\myblog\thinkphp\lang\zh-cn.php
[ info ] [ BIND ] 'admin'
[ info ] [ ROUTE ] array (
  'type' => 'module',
  'module' => 
  array (
    0 => 'admin',
    1 => 'index',
    2 => 'index',
  ),
)
[ info ] [ HEADER ] array (
  'host' => 'www.tp5.com',
  'connection' => 'keep-alive',
  'cache-control' => 'max-age=0',
  'upgrade-insecure-requests' => '1',
  'user-agent' => 'Mozilla/5.0 (Windows NT 10.0; WOW64) AppleWebKit/537.36 (KHTML, like Gecko) Chrome/56.0.2924.87 Safari/537.36',
  'accept' => 'text/html,application/xhtml+xml,application/xml;q=0.9,image/webp,*/*;q=0.8',
  'accept-encoding' => 'gzip, deflate, sdch',
  'accept-language' => 'zh-CN,zh;q=0.8',
)
[ info ] [ PARAM ] array (
)
[ info ] [ RUN ] app\admin\controller\Index->index[ D:\wamp\www\myblog\application\admin\controller\Index.php ]
[ info ] [ DB ] INIT mysql
[ info ] [ LOG ] INIT File
[ sql ] [ DB ] CONNECT:[ UseTime:0.003723s ] mysql:host=localhost;dbname=myblog
[ sql ] [ SQL ] select `password` from adminuser [ RunTime:0.006978s ]

---------------------------------------------------------------
[ 2017-03-03T14:39:47+08:00 ] 127.0.0.16 127.0.0.1 GET /admin.php/index/index
[ log ] www.tp5.com/admin.php/index/index [运行时间：0.265619s][吞吐率：3.76req/s] [内存消耗：2,644.02kb] [文件加载：58]
[ info ] [ LANG ] D:\wamp\www\myblog\thinkphp\lang\zh-cn.php
[ info ] [ BIND ] 'admin'
[ info ] [ ROUTE ] array (
  'type' => 'module',
  'module' => 
  array (
    0 => 'admin',
    1 => 'index',
    2 => 'index',
  ),
)
[ info ] [ HEADER ] array (
  'host' => 'www.tp5.com',
  'connection' => 'keep-alive',
  'cache-control' => 'max-age=0',
  'upgrade-insecure-requests' => '1',
  'user-agent' => 'Mozilla/5.0 (Windows NT 10.0; WOW64) AppleWebKit/537.36 (KHTML, like Gecko) Chrome/56.0.2924.87 Safari/537.36',
  'accept' => 'text/html,application/xhtml+xml,application/xml;q=0.9,image/webp,*/*;q=0.8',
  'accept-encoding' => 'gzip, deflate, sdch',
  'accept-language' => 'zh-CN,zh;q=0.8',
)
[ info ] [ PARAM ] array (
)
[ info ] [ RUN ] app\admin\controller\Index->index[ D:\wamp\www\myblog\application\admin\controller\Index.php ]
[ info ] [ DB ] INIT mysql
[ info ] [ LOG ] INIT File
[ sql ] [ DB ] CONNECT:[ UseTime:0.005024s ] mysql:host=localhost;dbname=myblog
[ error ] [10501]SQLSTATE[42S22]: Column not found: 1054 Unknown column 'root' in 'where clause'[D:\wamp\www\myblog\thinkphp\library\think\db\Connection.php:383]

---------------------------------------------------------------
[ 2017-03-03T14:40:15+08:00 ] 127.0.0.16 127.0.0.1 GET /admin.php/index/index
[ log ] www.tp5.com/admin.php/index/index [运行时间：0.241886s][吞吐率：4.13req/s] [内存消耗：2,644.01kb] [文件加载：58]
[ info ] [ LANG ] D:\wamp\www\myblog\thinkphp\lang\zh-cn.php
[ info ] [ BIND ] 'admin'
[ info ] [ ROUTE ] array (
  'type' => 'module',
  'module' => 
  array (
    0 => 'admin',
    1 => 'index',
    2 => 'index',
  ),
)
[ info ] [ HEADER ] array (
  'host' => 'www.tp5.com',
  'connection' => 'keep-alive',
  'cache-control' => 'max-age=0',
  'upgrade-insecure-requests' => '1',
  'user-agent' => 'Mozilla/5.0 (Windows NT 10.0; WOW64) AppleWebKit/537.36 (KHTML, like Gecko) Chrome/56.0.2924.87 Safari/537.36',
  'accept' => 'text/html,application/xhtml+xml,application/xml;q=0.9,image/webp,*/*;q=0.8',
  'accept-encoding' => 'gzip, deflate, sdch',
  'accept-language' => 'zh-CN,zh;q=0.8',
)
[ info ] [ PARAM ] array (
)
[ info ] [ RUN ] app\admin\controller\Index->index[ D:\wamp\www\myblog\application\admin\controller\Index.php ]
[ info ] [ DB ] INIT mysql
[ info ] [ LOG ] INIT File
[ sql ] [ DB ] CONNECT:[ UseTime:0.011418s ] mysql:host=localhost;dbname=myblog
[ error ] [10501]SQLSTATE[42S22]: Column not found: 1054 Unknown column 'admin' in 'where clause'[D:\wamp\www\myblog\thinkphp\library\think\db\Connection.php:383]

---------------------------------------------------------------
[ 2017-03-03T14:40:46+08:00 ] 127.0.0.16 127.0.0.1 GET /admin.php/index/index
[ log ] www.tp5.com/admin.php/index/index [运行时间：0.179383s][吞吐率：5.57req/s] [内存消耗：2,643.98kb] [文件加载：58]
[ info ] [ LANG ] D:\wamp\www\myblog\thinkphp\lang\zh-cn.php
[ info ] [ BIND ] 'admin'
[ info ] [ ROUTE ] array (
  'type' => 'module',
  'module' => 
  array (
    0 => 'admin',
    1 => 'index',
    2 => 'index',
  ),
)
[ info ] [ HEADER ] array (
  'host' => 'www.tp5.com',
  'connection' => 'keep-alive',
  'cache-control' => 'max-age=0',
  'upgrade-insecure-requests' => '1',
  'user-agent' => 'Mozilla/5.0 (Windows NT 10.0; WOW64) AppleWebKit/537.36 (KHTML, like Gecko) Chrome/56.0.2924.87 Safari/537.36',
  'accept' => 'text/html,application/xhtml+xml,application/xml;q=0.9,image/webp,*/*;q=0.8',
  'accept-encoding' => 'gzip, deflate, sdch',
  'accept-language' => 'zh-CN,zh;q=0.8',
)
[ info ] [ PARAM ] array (
)
[ info ] [ RUN ] app\admin\controller\Index->index[ D:\wamp\www\myblog\application\admin\controller\Index.php ]
[ info ] [ DB ] INIT mysql
[ info ] [ LOG ] INIT File
[ sql ] [ DB ] CONNECT:[ UseTime:0.002161s ] mysql:host=localhost;dbname=myblog
[ error ] [10501]SQLSTATE[42S22]: Column not found: 1054 Unknown column 'admin' in 'where clause'[D:\wamp\www\myblog\thinkphp\library\think\db\Connection.php:383]

---------------------------------------------------------------
[ 2017-03-03T14:40:49+08:00 ] 127.0.0.16 127.0.0.1 GET /admin.php/index/index
[ log ] www.tp5.com/admin.php/index/index [运行时间：0.334580s][吞吐率：2.99req/s] [内存消耗：2,643.98kb] [文件加载：58]
[ info ] [ LANG ] D:\wamp\www\myblog\thinkphp\lang\zh-cn.php
[ info ] [ BIND ] 'admin'
[ info ] [ ROUTE ] array (
  'type' => 'module',
  'module' => 
  array (
    0 => 'admin',
    1 => 'index',
    2 => 'index',
  ),
)
[ info ] [ HEADER ] array (
  'host' => 'www.tp5.com',
  'connection' => 'keep-alive',
  'cache-control' => 'max-age=0',
  'upgrade-insecure-requests' => '1',
  'user-agent' => 'Mozilla/5.0 (Windows NT 10.0; WOW64) AppleWebKit/537.36 (KHTML, like Gecko) Chrome/56.0.2924.87 Safari/537.36',
  'accept' => 'text/html,application/xhtml+xml,application/xml;q=0.9,image/webp,*/*;q=0.8',
  'accept-encoding' => 'gzip, deflate, sdch',
  'accept-language' => 'zh-CN,zh;q=0.8',
)
[ info ] [ PARAM ] array (
)
[ info ] [ RUN ] app\admin\controller\Index->index[ D:\wamp\www\myblog\application\admin\controller\Index.php ]
[ info ] [ DB ] INIT mysql
[ info ] [ LOG ] INIT File
[ sql ] [ DB ] CONNECT:[ UseTime:0.007034s ] mysql:host=localhost;dbname=myblog
[ error ] [10501]SQLSTATE[42S22]: Column not found: 1054 Unknown column 'admin' in 'where clause'[D:\wamp\www\myblog\thinkphp\library\think\db\Connection.php:383]

---------------------------------------------------------------
[ 2017-03-03T14:41:28+08:00 ] 127.0.0.16 127.0.0.1 GET /admin.php/index/index
[ log ] www.tp5.com/admin.php/index/index [运行时间：0.298144s][吞吐率：3.35req/s] [内存消耗：2,643.98kb] [文件加载：58]
[ info ] [ LANG ] D:\wamp\www\myblog\thinkphp\lang\zh-cn.php
[ info ] [ BIND ] 'admin'
[ info ] [ ROUTE ] array (
  'type' => 'module',
  'module' => 
  array (
    0 => 'admin',
    1 => 'index',
    2 => 'index',
  ),
)
[ info ] [ HEADER ] array (
  'host' => 'www.tp5.com',
  'connection' => 'keep-alive',
  'cache-control' => 'max-age=0',
  'upgrade-insecure-requests' => '1',
  'user-agent' => 'Mozilla/5.0 (Windows NT 10.0; WOW64) AppleWebKit/537.36 (KHTML, like Gecko) Chrome/56.0.2924.87 Safari/537.36',
  'accept' => 'text/html,application/xhtml+xml,application/xml;q=0.9,image/webp,*/*;q=0.8',
  'accept-encoding' => 'gzip, deflate, sdch',
  'accept-language' => 'zh-CN,zh;q=0.8',
)
[ info ] [ PARAM ] array (
)
[ info ] [ RUN ] app\admin\controller\Index->index[ D:\wamp\www\myblog\application\admin\controller\Index.php ]
[ info ] [ DB ] INIT mysql
[ info ] [ LOG ] INIT File
[ sql ] [ DB ] CONNECT:[ UseTime:0.010078s ] mysql:host=localhost;dbname=myblog
[ error ] [10501]SQLSTATE[42S22]: Column not found: 1054 Unknown column 'admin' in 'where clause'[D:\wamp\www\myblog\thinkphp\library\think\db\Connection.php:383]

---------------------------------------------------------------
[ 2017-03-03T14:42:38+08:00 ] 127.0.0.16 127.0.0.1 GET /admin.php/index/index
[ log ] www.tp5.com/admin.php/index/index [运行时间：0.312518s][吞吐率：3.20req/s] [内存消耗：2,644.03kb] [文件加载：58]
[ info ] [ LANG ] D:\wamp\www\myblog\thinkphp\lang\zh-cn.php
[ info ] [ BIND ] 'admin'
[ info ] [ ROUTE ] array (
  'type' => 'module',
  'module' => 
  array (
    0 => 'admin',
    1 => 'index',
    2 => 'index',
  ),
)
[ info ] [ HEADER ] array (
  'host' => 'www.tp5.com',
  'connection' => 'keep-alive',
  'cache-control' => 'max-age=0',
  'upgrade-insecure-requests' => '1',
  'user-agent' => 'Mozilla/5.0 (Windows NT 10.0; WOW64) AppleWebKit/537.36 (KHTML, like Gecko) Chrome/56.0.2924.87 Safari/537.36',
  'accept' => 'text/html,application/xhtml+xml,application/xml;q=0.9,image/webp,*/*;q=0.8',
  'accept-encoding' => 'gzip, deflate, sdch',
  'accept-language' => 'zh-CN,zh;q=0.8',
)
[ info ] [ PARAM ] array (
)
[ info ] [ RUN ] app\admin\controller\Index->index[ D:\wamp\www\myblog\application\admin\controller\Index.php ]
[ info ] [ DB ] INIT mysql
[ info ] [ LOG ] INIT File
[ sql ] [ DB ] CONNECT:[ UseTime:0.005299s ] mysql:host=localhost;dbname=myblog
[ error ] [10501]SQLSTATE[42S22]: Column not found: 1054 Unknown column 'admin' in 'where clause'[D:\wamp\www\myblog\thinkphp\library\think\db\Connection.php:383]

---------------------------------------------------------------
[ 2017-03-03T14:43:21+08:00 ] 127.0.0.16 127.0.0.1 GET /admin.php/index/index
[ log ] www.tp5.com/admin.php/index/index [运行时间：0.185682s][吞吐率：5.39req/s] [内存消耗：2,644.05kb] [文件加载：58]
[ info ] [ LANG ] D:\wamp\www\myblog\thinkphp\lang\zh-cn.php
[ info ] [ BIND ] 'admin'
[ info ] [ ROUTE ] array (
  'type' => 'module',
  'module' => 
  array (
    0 => 'admin',
    1 => 'index',
    2 => 'index',
  ),
)
[ info ] [ HEADER ] array (
  'host' => 'www.tp5.com',
  'connection' => 'keep-alive',
  'cache-control' => 'max-age=0',
  'upgrade-insecure-requests' => '1',
  'user-agent' => 'Mozilla/5.0 (Windows NT 10.0; WOW64) AppleWebKit/537.36 (KHTML, like Gecko) Chrome/56.0.2924.87 Safari/537.36',
  'accept' => 'text/html,application/xhtml+xml,application/xml;q=0.9,image/webp,*/*;q=0.8',
  'accept-encoding' => 'gzip, deflate, sdch',
  'accept-language' => 'zh-CN,zh;q=0.8',
)
[ info ] [ PARAM ] array (
)
[ info ] [ RUN ] app\admin\controller\Index->index[ D:\wamp\www\myblog\application\admin\controller\Index.php ]
[ info ] [ DB ] INIT mysql
[ info ] [ LOG ] INIT File
[ sql ] [ DB ] CONNECT:[ UseTime:0.002532s ] mysql:host=localhost;dbname=myblog
[ error ] [10501]SQLSTATE[42S22]: Column not found: 1054 Unknown column 'admin' in 'where clause'[D:\wamp\www\myblog\thinkphp\library\think\db\Connection.php:383]

---------------------------------------------------------------
[ 2017-03-03T14:43:50+08:00 ] 127.0.0.16 127.0.0.1 GET /admin.php/index/index
[ log ] www.tp5.com/admin.php/index/index [运行时间：0.372870s][吞吐率：2.68req/s] [内存消耗：2,644.13kb] [文件加载：58]
[ info ] [ LANG ] D:\wamp\www\myblog\thinkphp\lang\zh-cn.php
[ info ] [ BIND ] 'admin'
[ info ] [ ROUTE ] array (
  'type' => 'module',
  'module' => 
  array (
    0 => 'admin',
    1 => 'index',
    2 => 'index',
  ),
)
[ info ] [ HEADER ] array (
  'host' => 'www.tp5.com',
  'connection' => 'keep-alive',
  'cache-control' => 'max-age=0',
  'upgrade-insecure-requests' => '1',
  'user-agent' => 'Mozilla/5.0 (Windows NT 10.0; WOW64) AppleWebKit/537.36 (KHTML, like Gecko) Chrome/56.0.2924.87 Safari/537.36',
  'accept' => 'text/html,application/xhtml+xml,application/xml;q=0.9,image/webp,*/*;q=0.8',
  'accept-encoding' => 'gzip, deflate, sdch',
  'accept-language' => 'zh-CN,zh;q=0.8',
)
[ info ] [ PARAM ] array (
)
[ info ] [ RUN ] app\admin\controller\Index->index[ D:\wamp\www\myblog\application\admin\controller\Index.php ]
[ info ] [ DB ] INIT mysql
[ info ] [ LOG ] INIT File
[ sql ] [ DB ] CONNECT:[ UseTime:0.002855s ] mysql:host=localhost;dbname=myblog
[ error ] [10501]SQLSTATE[42S22]: Column not found: 1054 Unknown column 'admin' in 'where clause'[D:\wamp\www\myblog\thinkphp\library\think\db\Connection.php:383]

---------------------------------------------------------------
[ 2017-03-03T14:47:27+08:00 ] 127.0.0.16 127.0.0.1 GET /admin.php/index/index
[ log ] www.tp5.com/admin.php/index/index [运行时间：0.242945s][吞吐率：4.12req/s] [内存消耗：2,627.45kb] [文件加载：55]
[ info ] [ LANG ] D:\wamp\www\myblog\thinkphp\lang\zh-cn.php
[ info ] [ BIND ] 'admin'
[ info ] [ ROUTE ] array (
  'type' => 'module',
  'module' => 
  array (
    0 => 'admin',
    1 => 'index',
    2 => 'index',
  ),
)
[ info ] [ HEADER ] array (
  'host' => 'www.tp5.com',
  'connection' => 'keep-alive',
  'cache-control' => 'max-age=0',
  'upgrade-insecure-requests' => '1',
  'user-agent' => 'Mozilla/5.0 (Windows NT 10.0; WOW64) AppleWebKit/537.36 (KHTML, like Gecko) Chrome/56.0.2924.87 Safari/537.36',
  'accept' => 'text/html,application/xhtml+xml,application/xml;q=0.9,image/webp,*/*;q=0.8',
  'accept-encoding' => 'gzip, deflate, sdch',
  'accept-language' => 'zh-CN,zh;q=0.8',
)
[ info ] [ PARAM ] array (
)
[ info ] [ RUN ] app\admin\controller\Index->index[ D:\wamp\www\myblog\application\admin\controller\Index.php ]
[ info ] [ DB ] INIT mysql
[ info ] [ LOG ] INIT File
[ sql ] [ DB ] CONNECT:[ UseTime:0.003706s ] mysql:host=localhost;dbname=myblog
[ error ] [42000]SQLSTATE[42000]: Syntax error or access violation: 1103 Incorrect table name ''[D:\wamp\www\myblog\thinkphp\library\think\db\connector\Mysql.php:63]

---------------------------------------------------------------
[ 2017-03-03T14:50:12+08:00 ] 127.0.0.16 127.0.0.1 GET /admin.php/index/index
[ log ] www.tp5.com/admin.php/index/index [运行时间：0.265169s][吞吐率：3.77req/s] [内存消耗：2,600.51kb] [文件加载：53]
[ info ] [ LANG ] D:\wamp\www\myblog\thinkphp\lang\zh-cn.php
[ info ] [ BIND ] 'admin'
[ info ] [ ROUTE ] array (
  'type' => 'module',
  'module' => 
  array (
    0 => 'admin',
    1 => 'index',
    2 => 'index',
  ),
)
[ info ] [ HEADER ] array (
  'host' => 'www.tp5.com',
  'connection' => 'keep-alive',
  'cache-control' => 'max-age=0',
  'upgrade-insecure-requests' => '1',
  'user-agent' => 'Mozilla/5.0 (Windows NT 10.0; WOW64) AppleWebKit/537.36 (KHTML, like Gecko) Chrome/56.0.2924.87 Safari/537.36',
  'accept' => 'text/html,application/xhtml+xml,application/xml;q=0.9,image/webp,*/*;q=0.8',
  'accept-encoding' => 'gzip, deflate, sdch',
  'accept-language' => 'zh-CN,zh;q=0.8',
)
[ info ] [ PARAM ] array (
)
[ info ] [ RUN ] app\admin\controller\Index->index[ D:\wamp\www\myblog\application\admin\controller\Index.php ]
[ info ] [ DB ] INIT mysql
[ info ] [ LOG ] INIT File
[ sql ] [ DB ] CONNECT:[ UseTime:0.004916s ] mysql:host=localhost;dbname=myblog
[ sql ] [ SQL ] select password from adminuser where username='admin' [ RunTime:0.003979s ]

---------------------------------------------------------------
[ 2017-03-03T14:52:56+08:00 ] 127.0.0.16 127.0.0.1 GET /admin.php/index/index
[ log ] www.tp5.com/admin.php/index/index [运行时间：0.264927s][吞吐率：3.77req/s] [内存消耗：2,600.97kb] [文件加载：53]
[ info ] [ LANG ] D:\wamp\www\myblog\thinkphp\lang\zh-cn.php
[ info ] [ BIND ] 'admin'
[ info ] [ ROUTE ] array (
  'type' => 'module',
  'module' => 
  array (
    0 => 'admin',
    1 => 'index',
    2 => 'index',
  ),
)
[ info ] [ HEADER ] array (
  'host' => 'www.tp5.com',
  'connection' => 'keep-alive',
  'cache-control' => 'max-age=0',
  'upgrade-insecure-requests' => '1',
  'user-agent' => 'Mozilla/5.0 (Windows NT 10.0; WOW64) AppleWebKit/537.36 (KHTML, like Gecko) Chrome/56.0.2924.87 Safari/537.36',
  'accept' => 'text/html,application/xhtml+xml,application/xml;q=0.9,image/webp,*/*;q=0.8',
  'accept-encoding' => 'gzip, deflate, sdch',
  'accept-language' => 'zh-CN,zh;q=0.8',
)
[ info ] [ PARAM ] array (
)
[ info ] [ RUN ] app\admin\controller\Index->index[ D:\wamp\www\myblog\application\admin\controller\Index.php ]
[ info ] [ DB ] INIT mysql
[ info ] [ LOG ] INIT File
[ sql ] [ DB ] CONNECT:[ UseTime:0.006028s ] mysql:host=localhost;dbname=myblog
[ sql ] [ SQL ] select password from adminuser where username='admin' [ RunTime:0.003226s ]

---------------------------------------------------------------
[ 2017-03-03T15:03:13+08:00 ] 127.0.0.16 127.0.0.1 GET /admin.php/index/index
[ log ] www.tp5.com/admin.php/index/index [运行时间：0.306947s][吞吐率：3.26req/s] [内存消耗：2,602.67kb] [文件加载：53]
[ info ] [ LANG ] D:\wamp\www\myblog\thinkphp\lang\zh-cn.php
[ info ] [ BIND ] 'admin'
[ info ] [ ROUTE ] array (
  'type' => 'module',
  'module' => 
  array (
    0 => 'admin',
    1 => 'index',
    2 => 'index',
  ),
)
[ info ] [ HEADER ] array (
  'host' => 'www.tp5.com',
  'connection' => 'keep-alive',
  'cache-control' => 'max-age=0',
  'upgrade-insecure-requests' => '1',
  'user-agent' => 'Mozilla/5.0 (Windows NT 10.0; WOW64) AppleWebKit/537.36 (KHTML, like Gecko) Chrome/56.0.2924.87 Safari/537.36',
  'accept' => 'text/html,application/xhtml+xml,application/xml;q=0.9,image/webp,*/*;q=0.8',
  'accept-encoding' => 'gzip, deflate, sdch',
  'accept-language' => 'zh-CN,zh;q=0.8',
)
[ info ] [ PARAM ] array (
)
[ info ] [ RUN ] app\admin\controller\Index->index[ D:\wamp\www\myblog\application\admin\controller\Index.php ]
[ info ] [ DB ] INIT mysql
[ info ] [ LOG ] INIT File
[ sql ] [ DB ] CONNECT:[ UseTime:0.031060s ] mysql:host=localhost;dbname=myblog
[ sql ] [ SQL ] select password from adminuser where username='admin' [ RunTime:0.004973s ]

---------------------------------------------------------------
[ 2017-03-03T15:03:21+08:00 ] 127.0.0.16 127.0.0.1 GET /admin.php/index/ask
[ log ] www.tp5.com/admin.php/index/ask [运行时间：0.263127s][吞吐率：3.80req/s] [内存消耗：1,638.02kb] [文件加载：44]
[ info ] [ LANG ] D:\wamp\www\myblog\thinkphp\lang\zh-cn.php
[ info ] [ BIND ] 'admin'
[ info ] [ ROUTE ] array (
  'type' => 'module',
  'module' => 
  array (
    0 => 'admin',
    1 => 'index',
    2 => 'ask',
  ),
)
[ info ] [ HEADER ] array (
  'host' => 'www.tp5.com',
  'connection' => 'keep-alive',
  'upgrade-insecure-requests' => '1',
  'user-agent' => 'Mozilla/5.0 (Windows NT 10.0; WOW64) AppleWebKit/537.36 (KHTML, like Gecko) Chrome/56.0.2924.87 Safari/537.36',
  'accept' => 'text/html,application/xhtml+xml,application/xml;q=0.9,image/webp,*/*;q=0.8',
  'accept-encoding' => 'gzip, deflate, sdch',
  'accept-language' => 'zh-CN,zh;q=0.8',
  'cookie' => 'loginUser=admin',
)
[ info ] [ PARAM ] array (
)
[ info ] [ RUN ] app\admin\controller\Index->ask[ D:\wamp\www\myblog\application\admin\controller\Index.php ]
[ info ] [ LOG ] INIT File

---------------------------------------------------------------
[ 2017-03-03T15:09:03+08:00 ] 127.0.0.16 127.0.0.1 GET /admin.php/index/ask
[ log ] www.tp5.com/admin.php/index/ask [运行时间：1.797326s][吞吐率：0.56req/s] [内存消耗：1,637.88kb] [文件加载：44]
[ info ] [ LANG ] D:\wamp\www\myblog\thinkphp\lang\zh-cn.php
[ info ] [ BIND ] 'admin'
[ info ] [ ROUTE ] array (
  'type' => 'module',
  'module' => 
  array (
    0 => 'admin',
    1 => 'index',
    2 => 'ask',
  ),
)
[ info ] [ HEADER ] array (
  'host' => 'www.tp5.com',
  'connection' => 'keep-alive',
  'upgrade-insecure-requests' => '1',
  'user-agent' => 'Mozilla/5.0 (Windows NT 10.0; WOW64) AppleWebKit/537.36 (KHTML, like Gecko) Chrome/56.0.2924.87 Safari/537.36',
  'accept' => 'text/html,application/xhtml+xml,application/xml;q=0.9,image/webp,*/*;q=0.8',
  'accept-encoding' => 'gzip, deflate, sdch',
  'accept-language' => 'zh-CN,zh;q=0.8',
)
[ info ] [ PARAM ] array (
)
[ info ] [ RUN ] app\admin\controller\Index->ask[ D:\wamp\www\myblog\application\admin\controller\Index.php ]
[ info ] [ LOG ] INIT File

---------------------------------------------------------------
[ 2017-03-03T15:45:19+08:00 ] 127.0.0.16 127.0.0.1 GET /admin.php/index/login
[ log ] www.tp5.com/admin.php/index/login [运行时间：0.605363s][吞吐率：1.65req/s] [内存消耗：1,777.87kb] [文件加载：47]
[ info ] [ LANG ] D:\wamp\www\myblog\thinkphp\lang\zh-cn.php
[ info ] [ BIND ] 'admin'
[ info ] [ ROUTE ] array (
  'type' => 'module',
  'module' => 
  array (
    0 => 'admin',
    1 => 'index',
    2 => 'login',
  ),
)
[ info ] [ HEADER ] array (
  'host' => 'www.tp5.com',
  'connection' => 'keep-alive',
  'upgrade-insecure-requests' => '1',
  'user-agent' => 'Mozilla/5.0 (Windows NT 10.0; WOW64) AppleWebKit/537.36 (KHTML, like Gecko) Chrome/56.0.2924.87 Safari/537.36',
  'accept' => 'text/html,application/xhtml+xml,application/xml;q=0.9,image/webp,*/*;q=0.8',
  'accept-encoding' => 'gzip, deflate, sdch',
  'accept-language' => 'zh-CN,zh;q=0.8',
)
[ info ] [ PARAM ] array (
)
[ info ] [ RUN ] app\admin\controller\Index->login[ D:\wamp\www\myblog\application\admin\controller\Index.php ]
[ info ] [ VIEW ] D:\wamp\www\myblog\public/../application/admin\view\login.html [ array (
) ]
[ info ] [ LOG ] INIT File

---------------------------------------------------------------
[ 2017-03-03T15:45:19+08:00 ] 127.0.0.16 127.0.0.1 GET /static/admin/css/bootstrap.min.css
[ log ] www.tp5.com/static/admin/css/bootstrap.min.css [运行时间：0.382185s][吞吐率：2.62req/s] [内存消耗：1,388.29kb] [文件加载：39]
[ info ] [ LANG ] D:\wamp\www\myblog\thinkphp\lang\zh-cn.php
[ info ] [ BIND ] 'web'
[ info ] [ ROUTE ] array (
  'type' => 'module',
  'module' => 
  array (
    0 => 'web',
    1 => 'static',
    2 => 'admin',
  ),
)
[ info ] [ HEADER ] array (
  'host' => 'www.tp5.com',
  'connection' => 'keep-alive',
  'user-agent' => 'Mozilla/5.0 (Windows NT 10.0; WOW64) AppleWebKit/537.36 (KHTML, like Gecko) Chrome/56.0.2924.87 Safari/537.36',
  'accept' => 'text/css,*/*;q=0.1',
  'referer' => 'http://www.tp5.com/admin.php/index/login',
  'accept-encoding' => 'gzip, deflate, sdch',
  'accept-language' => 'zh-CN,zh;q=0.8',
)
[ info ] [ PARAM ] array (
  'css' => 'bootstrap.min.css',
)
[ info ] [ LOG ] INIT File

---------------------------------------------------------------
[ 2017-03-03T15:45:24+08:00 ] 127.0.0.16 127.0.0.1 GET /static/admin/css/bootstrap.min.css
[ log ] www.tp5.com/static/admin/css/bootstrap.min.css [运行时间：0.079287s][吞吐率：12.61req/s] [内存消耗：1,388.29kb] [文件加载：39]
[ info ] [ LANG ] D:\wamp\www\myblog\thinkphp\lang\zh-cn.php
[ info ] [ BIND ] 'web'
[ info ] [ ROUTE ] array (
  'type' => 'module',
  'module' => 
  array (
    0 => 'web',
    1 => 'static',
    2 => 'admin',
  ),
)
[ info ] [ HEADER ] array (
  'host' => 'www.tp5.com',
  'connection' => 'keep-alive',
  'user-agent' => 'Mozilla/5.0 (Windows NT 10.0; WOW64) AppleWebKit/537.36 (KHTML, like Gecko) Chrome/56.0.2924.87 Safari/537.36',
  'accept' => 'text/css,*/*;q=0.1',
  'referer' => 'http://www.tp5.com/admin.php/index/login',
  'accept-encoding' => 'gzip, deflate, sdch',
  'accept-language' => 'zh-CN,zh;q=0.8',
)
[ info ] [ PARAM ] array (
  'css' => 'bootstrap.min.css',
)
[ info ] [ LOG ] INIT File

---------------------------------------------------------------
[ 2017-03-03T15:49:38+08:00 ] 127.0.0.16 127.0.0.1 GET /admin.php/index/login
[ log ] www.tp5.com/admin.php/index/login [运行时间：0.202798s][吞吐率：4.93req/s] [内存消耗：1,777.98kb] [文件加载：47]
[ info ] [ LANG ] D:\wamp\www\myblog\thinkphp\lang\zh-cn.php
[ info ] [ BIND ] 'admin'
[ info ] [ ROUTE ] array (
  'type' => 'module',
  'module' => 
  array (
    0 => 'admin',
    1 => 'index',
    2 => 'login',
  ),
)
[ info ] [ HEADER ] array (
  'host' => 'www.tp5.com',
  'connection' => 'keep-alive',
  'cache-control' => 'max-age=0',
  'upgrade-insecure-requests' => '1',
  'user-agent' => 'Mozilla/5.0 (Windows NT 10.0; WOW64) AppleWebKit/537.36 (KHTML, like Gecko) Chrome/56.0.2924.87 Safari/537.36',
  'accept' => 'text/html,application/xhtml+xml,application/xml;q=0.9,image/webp,*/*;q=0.8',
  'accept-encoding' => 'gzip, deflate, sdch',
  'accept-language' => 'zh-CN,zh;q=0.8',
)
[ info ] [ PARAM ] array (
)
[ info ] [ RUN ] app\admin\controller\Index->login[ D:\wamp\www\myblog\application\admin\controller\Index.php ]
[ info ] [ VIEW ] D:\wamp\www\myblog\public/../application/admin\view\login.html [ array (
) ]
[ info ] [ LOG ] INIT File

---------------------------------------------------------------
[ 2017-03-03T15:49:38+08:00 ] 127.0.0.16 127.0.0.1 GET /static/common/css/bootstrap.min.css.map
[ log ] www.tp5.com/static/common/css/bootstrap.min.css.map [运行时间：0.082719s][吞吐率：12.09req/s] [内存消耗：1,387.83kb] [文件加载：39]
[ info ] [ LANG ] D:\wamp\www\myblog\thinkphp\lang\zh-cn.php
[ info ] [ BIND ] 'web'
[ info ] [ ROUTE ] array (
  'type' => 'module',
  'module' => 
  array (
    0 => 'web',
    1 => 'static',
    2 => 'common',
  ),
)
[ info ] [ HEADER ] array (
  'host' => 'www.tp5.com',
  'connection' => 'keep-alive',
  'user-agent' => 'Mozilla/5.0 (Windows NT 10.0; WOW64) AppleWebKit/537.36 (KHTML, like Gecko) Chrome/56.0.2924.87 Safari/537.36',
  'accept-encoding' => 'gzip, deflate, sdch',
  'accept-language' => 'zh-CN,zh;q=0.8',
)
[ info ] [ PARAM ] array (
  'css' => 'bootstrap.min.css.map',
)
[ info ] [ LOG ] INIT File

---------------------------------------------------------------
[ 2017-03-03T15:54:01+08:00 ] 127.0.0.16 127.0.0.1 GET /admin.php/index/login
[ log ] www.tp5.com/admin.php/index/login [运行时间：0.183037s][吞吐率：5.46req/s] [内存消耗：1,778.06kb] [文件加载：47]
[ info ] [ LANG ] D:\wamp\www\myblog\thinkphp\lang\zh-cn.php
[ info ] [ BIND ] 'admin'
[ info ] [ ROUTE ] array (
  'type' => 'module',
  'module' => 
  array (
    0 => 'admin',
    1 => 'index',
    2 => 'login',
  ),
)
[ info ] [ HEADER ] array (
  'host' => 'www.tp5.com',
  'connection' => 'keep-alive',
  'cache-control' => 'max-age=0',
  'upgrade-insecure-requests' => '1',
  'user-agent' => 'Mozilla/5.0 (Windows NT 10.0; WOW64) AppleWebKit/537.36 (KHTML, like Gecko) Chrome/56.0.2924.87 Safari/537.36',
  'accept' => 'text/html,application/xhtml+xml,application/xml;q=0.9,image/webp,*/*;q=0.8',
  'accept-encoding' => 'gzip, deflate, sdch',
  'accept-language' => 'zh-CN,zh;q=0.8',
)
[ info ] [ PARAM ] array (
)
[ info ] [ RUN ] app\admin\controller\Index->login[ D:\wamp\www\myblog\application\admin\controller\Index.php ]
[ info ] [ VIEW ] D:\wamp\www\myblog\public/../application/admin\view\login.html [ array (
) ]
[ info ] [ LOG ] INIT File

---------------------------------------------------------------
[ 2017-03-03T15:54:01+08:00 ] 127.0.0.16 127.0.0.1 GET /static/common/css/bootstrap.min.css.map
[ log ] www.tp5.com/static/common/css/bootstrap.min.css.map [运行时间：0.058731s][吞吐率：17.03req/s] [内存消耗：1,387.83kb] [文件加载：39]
[ info ] [ LANG ] D:\wamp\www\myblog\thinkphp\lang\zh-cn.php
[ info ] [ BIND ] 'web'
[ info ] [ ROUTE ] array (
  'type' => 'module',
  'module' => 
  array (
    0 => 'web',
    1 => 'static',
    2 => 'common',
  ),
)
[ info ] [ HEADER ] array (
  'host' => 'www.tp5.com',
  'connection' => 'keep-alive',
  'user-agent' => 'Mozilla/5.0 (Windows NT 10.0; WOW64) AppleWebKit/537.36 (KHTML, like Gecko) Chrome/56.0.2924.87 Safari/537.36',
  'accept-encoding' => 'gzip, deflate, sdch',
  'accept-language' => 'zh-CN,zh;q=0.8',
)
[ info ] [ PARAM ] array (
  'css' => 'bootstrap.min.css.map',
)
[ info ] [ LOG ] INIT File

---------------------------------------------------------------
[ 2017-03-03T15:54:30+08:00 ] 127.0.0.16 127.0.0.1 GET /admin.php/index/login
[ log ] www.tp5.com/admin.php/index/login [运行时间：0.168640s][吞吐率：5.93req/s] [内存消耗：1,778.06kb] [文件加载：47]
[ info ] [ LANG ] D:\wamp\www\myblog\thinkphp\lang\zh-cn.php
[ info ] [ BIND ] 'admin'
[ info ] [ ROUTE ] array (
  'type' => 'module',
  'module' => 
  array (
    0 => 'admin',
    1 => 'index',
    2 => 'login',
  ),
)
[ info ] [ HEADER ] array (
  'host' => 'www.tp5.com',
  'connection' => 'keep-alive',
  'cache-control' => 'max-age=0',
  'upgrade-insecure-requests' => '1',
  'user-agent' => 'Mozilla/5.0 (Windows NT 10.0; WOW64) AppleWebKit/537.36 (KHTML, like Gecko) Chrome/56.0.2924.87 Safari/537.36',
  'accept' => 'text/html,application/xhtml+xml,application/xml;q=0.9,image/webp,*/*;q=0.8',
  'accept-encoding' => 'gzip, deflate, sdch',
  'accept-language' => 'zh-CN,zh;q=0.8',
)
[ info ] [ PARAM ] array (
)
[ info ] [ RUN ] app\admin\controller\Index->login[ D:\wamp\www\myblog\application\admin\controller\Index.php ]
[ info ] [ VIEW ] D:\wamp\www\myblog\public/../application/admin\view\login.html [ array (
) ]
[ info ] [ LOG ] INIT File

---------------------------------------------------------------
[ 2017-03-03T15:54:30+08:00 ] 127.0.0.16 127.0.0.1 GET /static/common/css/bootstrap.min.css.map
[ log ] www.tp5.com/static/common/css/bootstrap.min.css.map [运行时间：0.062789s][吞吐率：15.93req/s] [内存消耗：1,387.83kb] [文件加载：39]
[ info ] [ LANG ] D:\wamp\www\myblog\thinkphp\lang\zh-cn.php
[ info ] [ BIND ] 'web'
[ info ] [ ROUTE ] array (
  'type' => 'module',
  'module' => 
  array (
    0 => 'web',
    1 => 'static',
    2 => 'common',
  ),
)
[ info ] [ HEADER ] array (
  'host' => 'www.tp5.com',
  'connection' => 'keep-alive',
  'user-agent' => 'Mozilla/5.0 (Windows NT 10.0; WOW64) AppleWebKit/537.36 (KHTML, like Gecko) Chrome/56.0.2924.87 Safari/537.36',
  'accept-encoding' => 'gzip, deflate, sdch',
  'accept-language' => 'zh-CN,zh;q=0.8',
)
[ info ] [ PARAM ] array (
  'css' => 'bootstrap.min.css.map',
)
[ info ] [ LOG ] INIT File

---------------------------------------------------------------
[ 2017-03-03T15:55:00+08:00 ] 127.0.0.16 127.0.0.1 GET /admin.php/index/login
[ log ] www.tp5.com/admin.php/index/login [运行时间：0.233923s][吞吐率：4.27req/s] [内存消耗：1,778.06kb] [文件加载：47]
[ info ] [ LANG ] D:\wamp\www\myblog\thinkphp\lang\zh-cn.php
[ info ] [ BIND ] 'admin'
[ info ] [ ROUTE ] array (
  'type' => 'module',
  'module' => 
  array (
    0 => 'admin',
    1 => 'index',
    2 => 'login',
  ),
)
[ info ] [ HEADER ] array (
  'host' => 'www.tp5.com',
  'connection' => 'keep-alive',
  'cache-control' => 'max-age=0',
  'upgrade-insecure-requests' => '1',
  'user-agent' => 'Mozilla/5.0 (Windows NT 10.0; WOW64) AppleWebKit/537.36 (KHTML, like Gecko) Chrome/56.0.2924.87 Safari/537.36',
  'accept' => 'text/html,application/xhtml+xml,application/xml;q=0.9,image/webp,*/*;q=0.8',
  'accept-encoding' => 'gzip, deflate, sdch',
  'accept-language' => 'zh-CN,zh;q=0.8',
)
[ info ] [ PARAM ] array (
)
[ info ] [ RUN ] app\admin\controller\Index->login[ D:\wamp\www\myblog\application\admin\controller\Index.php ]
[ info ] [ VIEW ] D:\wamp\www\myblog\public/../application/admin\view\login.html [ array (
) ]
[ info ] [ LOG ] INIT File

---------------------------------------------------------------
[ 2017-03-03T15:55:00+08:00 ] 127.0.0.16 127.0.0.1 GET /static/common/css/bootstrap.min.css.map
[ log ] www.tp5.com/static/common/css/bootstrap.min.css.map [运行时间：0.166411s][吞吐率：6.01req/s] [内存消耗：1,387.83kb] [文件加载：39]
[ info ] [ LANG ] D:\wamp\www\myblog\thinkphp\lang\zh-cn.php
[ info ] [ BIND ] 'web'
[ info ] [ ROUTE ] array (
  'type' => 'module',
  'module' => 
  array (
    0 => 'web',
    1 => 'static',
    2 => 'common',
  ),
)
[ info ] [ HEADER ] array (
  'host' => 'www.tp5.com',
  'connection' => 'keep-alive',
  'user-agent' => 'Mozilla/5.0 (Windows NT 10.0; WOW64) AppleWebKit/537.36 (KHTML, like Gecko) Chrome/56.0.2924.87 Safari/537.36',
  'accept-encoding' => 'gzip, deflate, sdch',
  'accept-language' => 'zh-CN,zh;q=0.8',
)
[ info ] [ PARAM ] array (
  'css' => 'bootstrap.min.css.map',
)
[ info ] [ LOG ] INIT File

---------------------------------------------------------------
[ 2017-03-03T15:55:08+08:00 ] 127.0.0.16 127.0.0.1 GET /admin.php/index/login
[ log ] www.tp5.com/admin.php/index/login [运行时间：0.122946s][吞吐率：8.13req/s] [内存消耗：1,778.06kb] [文件加载：47]
[ info ] [ LANG ] D:\wamp\www\myblog\thinkphp\lang\zh-cn.php
[ info ] [ BIND ] 'admin'
[ info ] [ ROUTE ] array (
  'type' => 'module',
  'module' => 
  array (
    0 => 'admin',
    1 => 'index',
    2 => 'login',
  ),
)
[ info ] [ HEADER ] array (
  'host' => 'www.tp5.com',
  'connection' => 'keep-alive',
  'cache-control' => 'max-age=0',
  'upgrade-insecure-requests' => '1',
  'user-agent' => 'Mozilla/5.0 (Windows NT 10.0; WOW64) AppleWebKit/537.36 (KHTML, like Gecko) Chrome/56.0.2924.87 Safari/537.36',
  'accept' => 'text/html,application/xhtml+xml,application/xml;q=0.9,image/webp,*/*;q=0.8',
  'accept-encoding' => 'gzip, deflate, sdch',
  'accept-language' => 'zh-CN,zh;q=0.8',
)
[ info ] [ PARAM ] array (
)
[ info ] [ RUN ] app\admin\controller\Index->login[ D:\wamp\www\myblog\application\admin\controller\Index.php ]
[ info ] [ VIEW ] D:\wamp\www\myblog\public/../application/admin\view\login.html [ array (
) ]
[ info ] [ LOG ] INIT File

---------------------------------------------------------------
[ 2017-03-03T15:55:08+08:00 ] 127.0.0.16 127.0.0.1 GET /static/common/css/bootstrap.min.css.map
[ log ] www.tp5.com/static/common/css/bootstrap.min.css.map [运行时间：0.059630s][吞吐率：16.77req/s] [内存消耗：1,387.83kb] [文件加载：39]
[ info ] [ LANG ] D:\wamp\www\myblog\thinkphp\lang\zh-cn.php
[ info ] [ BIND ] 'web'
[ info ] [ ROUTE ] array (
  'type' => 'module',
  'module' => 
  array (
    0 => 'web',
    1 => 'static',
    2 => 'common',
  ),
)
[ info ] [ HEADER ] array (
  'host' => 'www.tp5.com',
  'connection' => 'keep-alive',
  'user-agent' => 'Mozilla/5.0 (Windows NT 10.0; WOW64) AppleWebKit/537.36 (KHTML, like Gecko) Chrome/56.0.2924.87 Safari/537.36',
  'accept-encoding' => 'gzip, deflate, sdch',
  'accept-language' => 'zh-CN,zh;q=0.8',
)
[ info ] [ PARAM ] array (
  'css' => 'bootstrap.min.css.map',
)
[ info ] [ LOG ] INIT File

---------------------------------------------------------------
[ 2017-03-03T15:55:22+08:00 ] 127.0.0.16 127.0.0.1 GET /admin.php/index/login
[ log ] www.tp5.com/admin.php/index/login [运行时间：0.226572s][吞吐率：4.41req/s] [内存消耗：1,778.06kb] [文件加载：47]
[ info ] [ LANG ] D:\wamp\www\myblog\thinkphp\lang\zh-cn.php
[ info ] [ BIND ] 'admin'
[ info ] [ ROUTE ] array (
  'type' => 'module',
  'module' => 
  array (
    0 => 'admin',
    1 => 'index',
    2 => 'login',
  ),
)
[ info ] [ HEADER ] array (
  'host' => 'www.tp5.com',
  'connection' => 'keep-alive',
  'cache-control' => 'max-age=0',
  'upgrade-insecure-requests' => '1',
  'user-agent' => 'Mozilla/5.0 (Windows NT 10.0; WOW64) AppleWebKit/537.36 (KHTML, like Gecko) Chrome/56.0.2924.87 Safari/537.36',
  'accept' => 'text/html,application/xhtml+xml,application/xml;q=0.9,image/webp,*/*;q=0.8',
  'accept-encoding' => 'gzip, deflate, sdch',
  'accept-language' => 'zh-CN,zh;q=0.8',
)
[ info ] [ PARAM ] array (
)
[ info ] [ RUN ] app\admin\controller\Index->login[ D:\wamp\www\myblog\application\admin\controller\Index.php ]
[ info ] [ VIEW ] D:\wamp\www\myblog\public/../application/admin\view\login.html [ array (
) ]
[ info ] [ LOG ] INIT File

---------------------------------------------------------------
[ 2017-03-03T15:55:23+08:00 ] 127.0.0.16 127.0.0.1 GET /static/common/css/bootstrap.min.css.map
[ log ] www.tp5.com/static/common/css/bootstrap.min.css.map [运行时间：0.103614s][吞吐率：9.65req/s] [内存消耗：1,387.83kb] [文件加载：39]
[ info ] [ LANG ] D:\wamp\www\myblog\thinkphp\lang\zh-cn.php
[ info ] [ BIND ] 'web'
[ info ] [ ROUTE ] array (
  'type' => 'module',
  'module' => 
  array (
    0 => 'web',
    1 => 'static',
    2 => 'common',
  ),
)
[ info ] [ HEADER ] array (
  'host' => 'www.tp5.com',
  'connection' => 'keep-alive',
  'user-agent' => 'Mozilla/5.0 (Windows NT 10.0; WOW64) AppleWebKit/537.36 (KHTML, like Gecko) Chrome/56.0.2924.87 Safari/537.36',
  'accept-encoding' => 'gzip, deflate, sdch',
  'accept-language' => 'zh-CN,zh;q=0.8',
)
[ info ] [ PARAM ] array (
  'css' => 'bootstrap.min.css.map',
)
[ info ] [ LOG ] INIT File

---------------------------------------------------------------
[ 2017-03-03T15:55:38+08:00 ] 127.0.0.16 127.0.0.1 GET /admin.php/index/login
[ log ] www.tp5.com/admin.php/index/login [运行时间：0.248586s][吞吐率：4.02req/s] [内存消耗：1,778.06kb] [文件加载：47]
[ info ] [ LANG ] D:\wamp\www\myblog\thinkphp\lang\zh-cn.php
[ info ] [ BIND ] 'admin'
[ info ] [ ROUTE ] array (
  'type' => 'module',
  'module' => 
  array (
    0 => 'admin',
    1 => 'index',
    2 => 'login',
  ),
)
[ info ] [ HEADER ] array (
  'host' => 'www.tp5.com',
  'connection' => 'keep-alive',
  'cache-control' => 'max-age=0',
  'upgrade-insecure-requests' => '1',
  'user-agent' => 'Mozilla/5.0 (Windows NT 10.0; WOW64) AppleWebKit/537.36 (KHTML, like Gecko) Chrome/56.0.2924.87 Safari/537.36',
  'accept' => 'text/html,application/xhtml+xml,application/xml;q=0.9,image/webp,*/*;q=0.8',
  'accept-encoding' => 'gzip, deflate, sdch',
  'accept-language' => 'zh-CN,zh;q=0.8',
)
[ info ] [ PARAM ] array (
)
[ info ] [ RUN ] app\admin\controller\Index->login[ D:\wamp\www\myblog\application\admin\controller\Index.php ]
[ info ] [ VIEW ] D:\wamp\www\myblog\public/../application/admin\view\login.html [ array (
) ]
[ info ] [ LOG ] INIT File

---------------------------------------------------------------
[ 2017-03-03T15:55:39+08:00 ] 127.0.0.16 127.0.0.1 GET /static/common/css/bootstrap.min.css.map
[ log ] www.tp5.com/static/common/css/bootstrap.min.css.map [运行时间：0.126941s][吞吐率：7.88req/s] [内存消耗：1,387.83kb] [文件加载：39]
[ info ] [ LANG ] D:\wamp\www\myblog\thinkphp\lang\zh-cn.php
[ info ] [ BIND ] 'web'
[ info ] [ ROUTE ] array (
  'type' => 'module',
  'module' => 
  array (
    0 => 'web',
    1 => 'static',
    2 => 'common',
  ),
)
[ info ] [ HEADER ] array (
  'host' => 'www.tp5.com',
  'connection' => 'keep-alive',
  'user-agent' => 'Mozilla/5.0 (Windows NT 10.0; WOW64) AppleWebKit/537.36 (KHTML, like Gecko) Chrome/56.0.2924.87 Safari/537.36',
  'accept-encoding' => 'gzip, deflate, sdch',
  'accept-language' => 'zh-CN,zh;q=0.8',
)
[ info ] [ PARAM ] array (
  'css' => 'bootstrap.min.css.map',
)
[ info ] [ LOG ] INIT File

---------------------------------------------------------------
[ 2017-03-03T15:56:26+08:00 ] 127.0.0.16 127.0.0.1 GET /admin.php/index/login
[ log ] www.tp5.com/admin.php/index/login [运行时间：0.067379s][吞吐率：14.84req/s] [内存消耗：1,778.06kb] [文件加载：47]
[ info ] [ LANG ] D:\wamp\www\myblog\thinkphp\lang\zh-cn.php
[ info ] [ BIND ] 'admin'
[ info ] [ ROUTE ] array (
  'type' => 'module',
  'module' => 
  array (
    0 => 'admin',
    1 => 'index',
    2 => 'login',
  ),
)
[ info ] [ HEADER ] array (
  'host' => 'www.tp5.com',
  'connection' => 'keep-alive',
  'cache-control' => 'max-age=0',
  'upgrade-insecure-requests' => '1',
  'user-agent' => 'Mozilla/5.0 (Windows NT 10.0; WOW64) AppleWebKit/537.36 (KHTML, like Gecko) Chrome/56.0.2924.87 Safari/537.36',
  'accept' => 'text/html,application/xhtml+xml,application/xml;q=0.9,image/webp,*/*;q=0.8',
  'accept-encoding' => 'gzip, deflate, sdch',
  'accept-language' => 'zh-CN,zh;q=0.8',
)
[ info ] [ PARAM ] array (
)
[ info ] [ RUN ] app\admin\controller\Index->login[ D:\wamp\www\myblog\application\admin\controller\Index.php ]
[ info ] [ VIEW ] D:\wamp\www\myblog\public/../application/admin\view\login.html [ array (
) ]
[ info ] [ LOG ] INIT File

---------------------------------------------------------------
[ 2017-03-03T15:56:27+08:00 ] 127.0.0.16 127.0.0.1 GET /static/common/css/bootstrap.min.css.map
[ log ] www.tp5.com/static/common/css/bootstrap.min.css.map [运行时间：0.039818s][吞吐率：25.11req/s] [内存消耗：1,387.83kb] [文件加载：39]
[ info ] [ LANG ] D:\wamp\www\myblog\thinkphp\lang\zh-cn.php
[ info ] [ BIND ] 'web'
[ info ] [ ROUTE ] array (
  'type' => 'module',
  'module' => 
  array (
    0 => 'web',
    1 => 'static',
    2 => 'common',
  ),
)
[ info ] [ HEADER ] array (
  'host' => 'www.tp5.com',
  'connection' => 'keep-alive',
  'user-agent' => 'Mozilla/5.0 (Windows NT 10.0; WOW64) AppleWebKit/537.36 (KHTML, like Gecko) Chrome/56.0.2924.87 Safari/537.36',
  'accept-encoding' => 'gzip, deflate, sdch',
  'accept-language' => 'zh-CN,zh;q=0.8',
)
[ info ] [ PARAM ] array (
  'css' => 'bootstrap.min.css.map',
)
[ info ] [ LOG ] INIT File

---------------------------------------------------------------
[ 2017-03-03T15:56:32+08:00 ] 127.0.0.16 127.0.0.1 GET /admin.php/index/login
[ log ] www.tp5.com/admin.php/index/login [运行时间：0.219635s][吞吐率：4.55req/s] [内存消耗：1,778.06kb] [文件加载：47]
[ info ] [ LANG ] D:\wamp\www\myblog\thinkphp\lang\zh-cn.php
[ info ] [ BIND ] 'admin'
[ info ] [ ROUTE ] array (
  'type' => 'module',
  'module' => 
  array (
    0 => 'admin',
    1 => 'index',
    2 => 'login',
  ),
)
[ info ] [ HEADER ] array (
  'host' => 'www.tp5.com',
  'connection' => 'keep-alive',
  'cache-control' => 'max-age=0',
  'upgrade-insecure-requests' => '1',
  'user-agent' => 'Mozilla/5.0 (Windows NT 10.0; WOW64) AppleWebKit/537.36 (KHTML, like Gecko) Chrome/56.0.2924.87 Safari/537.36',
  'accept' => 'text/html,application/xhtml+xml,application/xml;q=0.9,image/webp,*/*;q=0.8',
  'accept-encoding' => 'gzip, deflate, sdch',
  'accept-language' => 'zh-CN,zh;q=0.8',
)
[ info ] [ PARAM ] array (
)
[ info ] [ RUN ] app\admin\controller\Index->login[ D:\wamp\www\myblog\application\admin\controller\Index.php ]
[ info ] [ VIEW ] D:\wamp\www\myblog\public/../application/admin\view\login.html [ array (
) ]
[ info ] [ LOG ] INIT File

---------------------------------------------------------------
[ 2017-03-03T15:56:32+08:00 ] 127.0.0.16 127.0.0.1 GET /static/common/css/bootstrap.min.css.map
[ log ] www.tp5.com/static/common/css/bootstrap.min.css.map [运行时间：0.111805s][吞吐率：8.94req/s] [内存消耗：1,387.83kb] [文件加载：39]
[ info ] [ LANG ] D:\wamp\www\myblog\thinkphp\lang\zh-cn.php
[ info ] [ BIND ] 'web'
[ info ] [ ROUTE ] array (
  'type' => 'module',
  'module' => 
  array (
    0 => 'web',
    1 => 'static',
    2 => 'common',
  ),
)
[ info ] [ HEADER ] array (
  'host' => 'www.tp5.com',
  'connection' => 'keep-alive',
  'user-agent' => 'Mozilla/5.0 (Windows NT 10.0; WOW64) AppleWebKit/537.36 (KHTML, like Gecko) Chrome/56.0.2924.87 Safari/537.36',
  'accept-encoding' => 'gzip, deflate, sdch',
  'accept-language' => 'zh-CN,zh;q=0.8',
)
[ info ] [ PARAM ] array (
  'css' => 'bootstrap.min.css.map',
)
[ info ] [ LOG ] INIT File

---------------------------------------------------------------
[ 2017-03-03T16:00:47+08:00 ] 127.0.0.16 127.0.0.1 GET /admin.php/index/login?
[ log ] www.tp5.com/admin.php/index/login? [运行时间：0.156341s][吞吐率：6.40req/s] [内存消耗：1,778.17kb] [文件加载：47]
[ info ] [ LANG ] D:\wamp\www\myblog\thinkphp\lang\zh-cn.php
[ info ] [ BIND ] 'admin'
[ info ] [ ROUTE ] array (
  'type' => 'module',
  'module' => 
  array (
    0 => 'admin',
    1 => 'index',
    2 => 'login',
  ),
)
[ info ] [ HEADER ] array (
  'host' => 'www.tp5.com',
  'connection' => 'keep-alive',
  'upgrade-insecure-requests' => '1',
  'user-agent' => 'Mozilla/5.0 (Windows NT 10.0; WOW64) AppleWebKit/537.36 (KHTML, like Gecko) Chrome/56.0.2924.87 Safari/537.36',
  'accept' => 'text/html,application/xhtml+xml,application/xml;q=0.9,image/webp,*/*;q=0.8',
  'referer' => 'http://www.tp5.com/admin.php/index/login',
  'accept-encoding' => 'gzip, deflate, sdch',
  'accept-language' => 'zh-CN,zh;q=0.8',
)
[ info ] [ PARAM ] array (
)
[ info ] [ RUN ] app\admin\controller\Index->login[ D:\wamp\www\myblog\application\admin\controller\Index.php ]
[ info ] [ VIEW ] D:\wamp\www\myblog\public/../application/admin\view\login.html [ array (
) ]
[ info ] [ LOG ] INIT File

---------------------------------------------------------------
[ 2017-03-03T16:00:47+08:00 ] 127.0.0.16 127.0.0.1 GET /static/common/css/bootstrap.min.css.map
[ log ] www.tp5.com/static/common/css/bootstrap.min.css.map [运行时间：0.086884s][吞吐率：11.51req/s] [内存消耗：1,387.83kb] [文件加载：39]
[ info ] [ LANG ] D:\wamp\www\myblog\thinkphp\lang\zh-cn.php
[ info ] [ BIND ] 'web'
[ info ] [ ROUTE ] array (
  'type' => 'module',
  'module' => 
  array (
    0 => 'web',
    1 => 'static',
    2 => 'common',
  ),
)
[ info ] [ HEADER ] array (
  'host' => 'www.tp5.com',
  'connection' => 'keep-alive',
  'user-agent' => 'Mozilla/5.0 (Windows NT 10.0; WOW64) AppleWebKit/537.36 (KHTML, like Gecko) Chrome/56.0.2924.87 Safari/537.36',
  'accept-encoding' => 'gzip, deflate, sdch',
  'accept-language' => 'zh-CN,zh;q=0.8',
)
[ info ] [ PARAM ] array (
  'css' => 'bootstrap.min.css.map',
)
[ info ] [ LOG ] INIT File

---------------------------------------------------------------
[ 2017-03-03T16:00:49+08:00 ] 127.0.0.16 127.0.0.1 GET /admin.php/index/login?
[ log ] www.tp5.com/admin.php/index/login? [运行时间：0.138562s][吞吐率：7.22req/s] [内存消耗：1,778.17kb] [文件加载：47]
[ info ] [ LANG ] D:\wamp\www\myblog\thinkphp\lang\zh-cn.php
[ info ] [ BIND ] 'admin'
[ info ] [ ROUTE ] array (
  'type' => 'module',
  'module' => 
  array (
    0 => 'admin',
    1 => 'index',
    2 => 'login',
  ),
)
[ info ] [ HEADER ] array (
  'host' => 'www.tp5.com',
  'connection' => 'keep-alive',
  'upgrade-insecure-requests' => '1',
  'user-agent' => 'Mozilla/5.0 (Windows NT 10.0; WOW64) AppleWebKit/537.36 (KHTML, like Gecko) Chrome/56.0.2924.87 Safari/537.36',
  'accept' => 'text/html,application/xhtml+xml,application/xml;q=0.9,image/webp,*/*;q=0.8',
  'referer' => 'http://www.tp5.com/admin.php/index/login?',
  'accept-encoding' => 'gzip, deflate, sdch',
  'accept-language' => 'zh-CN,zh;q=0.8',
)
[ info ] [ PARAM ] array (
)
[ info ] [ RUN ] app\admin\controller\Index->login[ D:\wamp\www\myblog\application\admin\controller\Index.php ]
[ info ] [ VIEW ] D:\wamp\www\myblog\public/../application/admin\view\login.html [ array (
) ]
[ info ] [ LOG ] INIT File

---------------------------------------------------------------
[ 2017-03-03T16:00:49+08:00 ] 127.0.0.16 127.0.0.1 GET /static/common/css/bootstrap.min.css.map
[ log ] www.tp5.com/static/common/css/bootstrap.min.css.map [运行时间：0.080038s][吞吐率：12.49req/s] [内存消耗：1,387.83kb] [文件加载：39]
[ info ] [ LANG ] D:\wamp\www\myblog\thinkphp\lang\zh-cn.php
[ info ] [ BIND ] 'web'
[ info ] [ ROUTE ] array (
  'type' => 'module',
  'module' => 
  array (
    0 => 'web',
    1 => 'static',
    2 => 'common',
  ),
)
[ info ] [ HEADER ] array (
  'host' => 'www.tp5.com',
  'connection' => 'keep-alive',
  'user-agent' => 'Mozilla/5.0 (Windows NT 10.0; WOW64) AppleWebKit/537.36 (KHTML, like Gecko) Chrome/56.0.2924.87 Safari/537.36',
  'accept-encoding' => 'gzip, deflate, sdch',
  'accept-language' => 'zh-CN,zh;q=0.8',
)
[ info ] [ PARAM ] array (
  'css' => 'bootstrap.min.css.map',
)
[ info ] [ LOG ] INIT File

---------------------------------------------------------------
[ 2017-03-03T16:01:46+08:00 ] 127.0.0.16 127.0.0.1 GET /admin.php/index/login?
[ log ] www.tp5.com/admin.php/index/login? [运行时间：0.184545s][吞吐率：5.42req/s] [内存消耗：1,778.41kb] [文件加载：47]
[ info ] [ LANG ] D:\wamp\www\myblog\thinkphp\lang\zh-cn.php
[ info ] [ BIND ] 'admin'
[ info ] [ ROUTE ] array (
  'type' => 'module',
  'module' => 
  array (
    0 => 'admin',
    1 => 'index',
    2 => 'login',
  ),
)
[ info ] [ HEADER ] array (
  'host' => 'www.tp5.com',
  'connection' => 'keep-alive',
  'cache-control' => 'max-age=0',
  'upgrade-insecure-requests' => '1',
  'user-agent' => 'Mozilla/5.0 (Windows NT 10.0; WOW64) AppleWebKit/537.36 (KHTML, like Gecko) Chrome/56.0.2924.87 Safari/537.36',
  'accept' => 'text/html,application/xhtml+xml,application/xml;q=0.9,image/webp,*/*;q=0.8',
  'referer' => 'http://www.tp5.com/admin.php/index/login?',
  'accept-encoding' => 'gzip, deflate, sdch',
  'accept-language' => 'zh-CN,zh;q=0.8',
)
[ info ] [ PARAM ] array (
)
[ info ] [ RUN ] app\admin\controller\Index->login[ D:\wamp\www\myblog\application\admin\controller\Index.php ]
[ info ] [ VIEW ] D:\wamp\www\myblog\public/../application/admin\view\login.html [ array (
) ]
[ info ] [ LOG ] INIT File

---------------------------------------------------------------
[ 2017-03-03T16:01:46+08:00 ] 127.0.0.16 127.0.0.1 GET /static/common/css/bootstrap.min.css.map
[ log ] www.tp5.com/static/common/css/bootstrap.min.css.map [运行时间：0.089288s][吞吐率：11.20req/s] [内存消耗：1,387.83kb] [文件加载：39]
[ info ] [ LANG ] D:\wamp\www\myblog\thinkphp\lang\zh-cn.php
[ info ] [ BIND ] 'web'
[ info ] [ ROUTE ] array (
  'type' => 'module',
  'module' => 
  array (
    0 => 'web',
    1 => 'static',
    2 => 'common',
  ),
)
[ info ] [ HEADER ] array (
  'host' => 'www.tp5.com',
  'connection' => 'keep-alive',
  'user-agent' => 'Mozilla/5.0 (Windows NT 10.0; WOW64) AppleWebKit/537.36 (KHTML, like Gecko) Chrome/56.0.2924.87 Safari/537.36',
  'accept-encoding' => 'gzip, deflate, sdch',
  'accept-language' => 'zh-CN,zh;q=0.8',
)
[ info ] [ PARAM ] array (
  'css' => 'bootstrap.min.css.map',
)
[ info ] [ LOG ] INIT File

---------------------------------------------------------------
[ 2017-03-03T16:02:11+08:00 ] 127.0.0.16 127.0.0.1 GET /admin.php/index/login
[ log ] www.tp5.com/admin.php/index/login [运行时间：0.171871s][吞吐率：5.82req/s] [内存消耗：1,777.97kb] [文件加载：47]
[ info ] [ LANG ] D:\wamp\www\myblog\thinkphp\lang\zh-cn.php
[ info ] [ BIND ] 'admin'
[ info ] [ ROUTE ] array (
  'type' => 'module',
  'module' => 
  array (
    0 => 'admin',
    1 => 'index',
    2 => 'login',
  ),
)
[ info ] [ HEADER ] array (
  'host' => 'www.tp5.com',
  'connection' => 'keep-alive',
  'upgrade-insecure-requests' => '1',
  'user-agent' => 'Mozilla/5.0 (Windows NT 10.0; WOW64) AppleWebKit/537.36 (KHTML, like Gecko) Chrome/56.0.2924.87 Safari/537.36',
  'accept' => 'text/html,application/xhtml+xml,application/xml;q=0.9,image/webp,*/*;q=0.8',
  'accept-encoding' => 'gzip, deflate, sdch',
  'accept-language' => 'zh-CN,zh;q=0.8',
)
[ info ] [ PARAM ] array (
)
[ info ] [ RUN ] app\admin\controller\Index->login[ D:\wamp\www\myblog\application\admin\controller\Index.php ]
[ info ] [ VIEW ] D:\wamp\www\myblog\public/../application/admin\view\login.html [ array (
) ]
[ info ] [ LOG ] INIT File

---------------------------------------------------------------
[ 2017-03-03T16:02:11+08:00 ] 127.0.0.16 127.0.0.1 GET /static/common/css/bootstrap.min.css.map
[ log ] www.tp5.com/static/common/css/bootstrap.min.css.map [运行时间：0.103516s][吞吐率：9.66req/s] [内存消耗：1,387.83kb] [文件加载：39]
[ info ] [ LANG ] D:\wamp\www\myblog\thinkphp\lang\zh-cn.php
[ info ] [ BIND ] 'web'
[ info ] [ ROUTE ] array (
  'type' => 'module',
  'module' => 
  array (
    0 => 'web',
    1 => 'static',
    2 => 'common',
  ),
)
[ info ] [ HEADER ] array (
  'host' => 'www.tp5.com',
  'connection' => 'keep-alive',
  'user-agent' => 'Mozilla/5.0 (Windows NT 10.0; WOW64) AppleWebKit/537.36 (KHTML, like Gecko) Chrome/56.0.2924.87 Safari/537.36',
  'accept-encoding' => 'gzip, deflate, sdch',
  'accept-language' => 'zh-CN,zh;q=0.8',
)
[ info ] [ PARAM ] array (
  'css' => 'bootstrap.min.css.map',
)
[ info ] [ LOG ] INIT File

---------------------------------------------------------------
[ 2017-03-03T16:24:04+08:00 ] 127.0.0.16 127.0.0.1 GET /admin.php/index/login
[ log ] www.tp5.com/admin.php/index/login [运行时间：0.222586s][吞吐率：4.49req/s] [内存消耗：1,778.06kb] [文件加载：47]
[ info ] [ LANG ] D:\wamp\www\myblog\thinkphp\lang\zh-cn.php
[ info ] [ BIND ] 'admin'
[ info ] [ ROUTE ] array (
  'type' => 'module',
  'module' => 
  array (
    0 => 'admin',
    1 => 'index',
    2 => 'login',
  ),
)
[ info ] [ HEADER ] array (
  'host' => 'www.tp5.com',
  'connection' => 'keep-alive',
  'cache-control' => 'max-age=0',
  'upgrade-insecure-requests' => '1',
  'user-agent' => 'Mozilla/5.0 (Windows NT 10.0; WOW64) AppleWebKit/537.36 (KHTML, like Gecko) Chrome/56.0.2924.87 Safari/537.36',
  'accept' => 'text/html,application/xhtml+xml,application/xml;q=0.9,image/webp,*/*;q=0.8',
  'accept-encoding' => 'gzip, deflate, sdch',
  'accept-language' => 'zh-CN,zh;q=0.8',
)
[ info ] [ PARAM ] array (
)
[ info ] [ RUN ] app\admin\controller\Index->login[ D:\wamp\www\myblog\application\admin\controller\Index.php ]
[ info ] [ VIEW ] D:\wamp\www\myblog\public/../application/admin\view\login.html [ array (
) ]
[ info ] [ LOG ] INIT File

---------------------------------------------------------------
[ 2017-03-03T16:24:04+08:00 ] 127.0.0.16 127.0.0.1 GET /static/common/css/bootstrap.min.css.map
[ log ] www.tp5.com/static/common/css/bootstrap.min.css.map [运行时间：0.102514s][吞吐率：9.75req/s] [内存消耗：1,387.83kb] [文件加载：39]
[ info ] [ LANG ] D:\wamp\www\myblog\thinkphp\lang\zh-cn.php
[ info ] [ BIND ] 'web'
[ info ] [ ROUTE ] array (
  'type' => 'module',
  'module' => 
  array (
    0 => 'web',
    1 => 'static',
    2 => 'common',
  ),
)
[ info ] [ HEADER ] array (
  'host' => 'www.tp5.com',
  'connection' => 'keep-alive',
  'user-agent' => 'Mozilla/5.0 (Windows NT 10.0; WOW64) AppleWebKit/537.36 (KHTML, like Gecko) Chrome/56.0.2924.87 Safari/537.36',
  'accept-encoding' => 'gzip, deflate, sdch',
  'accept-language' => 'zh-CN,zh;q=0.8',
)
[ info ] [ PARAM ] array (
  'css' => 'bootstrap.min.css.map',
)
[ info ] [ LOG ] INIT File

---------------------------------------------------------------
[ 2017-03-03T16:30:48+08:00 ] 127.0.0.16 127.0.0.1 GET /admin.php/index/login
[ log ] www.tp5.com/admin.php/index/login [运行时间：0.156663s][吞吐率：6.38req/s] [内存消耗：1,778.06kb] [文件加载：47]
[ info ] [ LANG ] D:\wamp\www\myblog\thinkphp\lang\zh-cn.php
[ info ] [ BIND ] 'admin'
[ info ] [ ROUTE ] array (
  'type' => 'module',
  'module' => 
  array (
    0 => 'admin',
    1 => 'index',
    2 => 'login',
  ),
)
[ info ] [ HEADER ] array (
  'host' => 'www.tp5.com',
  'connection' => 'keep-alive',
  'cache-control' => 'max-age=0',
  'upgrade-insecure-requests' => '1',
  'user-agent' => 'Mozilla/5.0 (Windows NT 10.0; WOW64) AppleWebKit/537.36 (KHTML, like Gecko) Chrome/56.0.2924.87 Safari/537.36',
  'accept' => 'text/html,application/xhtml+xml,application/xml;q=0.9,image/webp,*/*;q=0.8',
  'accept-encoding' => 'gzip, deflate, sdch',
  'accept-language' => 'zh-CN,zh;q=0.8',
)
[ info ] [ PARAM ] array (
)
[ info ] [ RUN ] app\admin\controller\Index->login[ D:\wamp\www\myblog\application\admin\controller\Index.php ]
[ info ] [ VIEW ] D:\wamp\www\myblog\public/../application/admin\view\login.html [ array (
) ]
[ info ] [ LOG ] INIT File

---------------------------------------------------------------
[ 2017-03-03T16:30:48+08:00 ] 127.0.0.16 127.0.0.1 GET /static/common/css/bootstrap.min.css.map
[ log ] www.tp5.com/static/common/css/bootstrap.min.css.map [运行时间：0.052732s][吞吐率：18.96req/s] [内存消耗：1,387.83kb] [文件加载：39]
[ info ] [ LANG ] D:\wamp\www\myblog\thinkphp\lang\zh-cn.php
[ info ] [ BIND ] 'web'
[ info ] [ ROUTE ] array (
  'type' => 'module',
  'module' => 
  array (
    0 => 'web',
    1 => 'static',
    2 => 'common',
  ),
)
[ info ] [ HEADER ] array (
  'host' => 'www.tp5.com',
  'connection' => 'keep-alive',
  'user-agent' => 'Mozilla/5.0 (Windows NT 10.0; WOW64) AppleWebKit/537.36 (KHTML, like Gecko) Chrome/56.0.2924.87 Safari/537.36',
  'accept-encoding' => 'gzip, deflate, sdch',
  'accept-language' => 'zh-CN,zh;q=0.8',
)
[ info ] [ PARAM ] array (
  'css' => 'bootstrap.min.css.map',
)
[ info ] [ LOG ] INIT File

---------------------------------------------------------------
[ 2017-03-03T16:31:07+08:00 ] 127.0.0.16 127.0.0.1 GET /admin.php/index/login
[ log ] www.tp5.com/admin.php/index/login [运行时间：0.165019s][吞吐率：6.06req/s] [内存消耗：1,778.13kb] [文件加载：47]
[ info ] [ LANG ] D:\wamp\www\myblog\thinkphp\lang\zh-cn.php
[ info ] [ BIND ] 'admin'
[ info ] [ ROUTE ] array (
  'type' => 'module',
  'module' => 
  array (
    0 => 'admin',
    1 => 'index',
    2 => 'login',
  ),
)
[ info ] [ HEADER ] array (
  'host' => 'www.tp5.com',
  'connection' => 'keep-alive',
  'cache-control' => 'max-age=0',
  'upgrade-insecure-requests' => '1',
  'user-agent' => 'Mozilla/5.0 (Windows NT 10.0; WOW64) AppleWebKit/537.36 (KHTML, like Gecko) Chrome/56.0.2924.87 Safari/537.36',
  'accept' => 'text/html,application/xhtml+xml,application/xml;q=0.9,image/webp,*/*;q=0.8',
  'accept-encoding' => 'gzip, deflate, sdch',
  'accept-language' => 'zh-CN,zh;q=0.8',
)
[ info ] [ PARAM ] array (
)
[ info ] [ RUN ] app\admin\controller\Index->login[ D:\wamp\www\myblog\application\admin\controller\Index.php ]
[ info ] [ VIEW ] D:\wamp\www\myblog\public/../application/admin\view\login.html [ array (
) ]
[ info ] [ LOG ] INIT File

---------------------------------------------------------------
[ 2017-03-03T16:31:07+08:00 ] 127.0.0.16 127.0.0.1 GET /static/common/css/bootstrap.min.css.map
[ log ] www.tp5.com/static/common/css/bootstrap.min.css.map [运行时间：0.065525s][吞吐率：15.26req/s] [内存消耗：1,387.83kb] [文件加载：39]
[ info ] [ LANG ] D:\wamp\www\myblog\thinkphp\lang\zh-cn.php
[ info ] [ BIND ] 'web'
[ info ] [ ROUTE ] array (
  'type' => 'module',
  'module' => 
  array (
    0 => 'web',
    1 => 'static',
    2 => 'common',
  ),
)
[ info ] [ HEADER ] array (
  'host' => 'www.tp5.com',
  'connection' => 'keep-alive',
  'user-agent' => 'Mozilla/5.0 (Windows NT 10.0; WOW64) AppleWebKit/537.36 (KHTML, like Gecko) Chrome/56.0.2924.87 Safari/537.36',
  'accept-encoding' => 'gzip, deflate, sdch',
  'accept-language' => 'zh-CN,zh;q=0.8',
)
[ info ] [ PARAM ] array (
  'css' => 'bootstrap.min.css.map',
)
[ info ] [ LOG ] INIT File

---------------------------------------------------------------
[ 2017-03-03T16:31:20+08:00 ] 127.0.0.16 127.0.0.1 GET /admin.php/index/login
[ log ] www.tp5.com/admin.php/index/login [运行时间：0.180043s][吞吐率：5.55req/s] [内存消耗：1,778.13kb] [文件加载：47]
[ info ] [ LANG ] D:\wamp\www\myblog\thinkphp\lang\zh-cn.php
[ info ] [ BIND ] 'admin'
[ info ] [ ROUTE ] array (
  'type' => 'module',
  'module' => 
  array (
    0 => 'admin',
    1 => 'index',
    2 => 'login',
  ),
)
[ info ] [ HEADER ] array (
  'host' => 'www.tp5.com',
  'connection' => 'keep-alive',
  'cache-control' => 'max-age=0',
  'upgrade-insecure-requests' => '1',
  'user-agent' => 'Mozilla/5.0 (Windows NT 10.0; WOW64) AppleWebKit/537.36 (KHTML, like Gecko) Chrome/56.0.2924.87 Safari/537.36',
  'accept' => 'text/html,application/xhtml+xml,application/xml;q=0.9,image/webp,*/*;q=0.8',
  'accept-encoding' => 'gzip, deflate, sdch',
  'accept-language' => 'zh-CN,zh;q=0.8',
)
[ info ] [ PARAM ] array (
)
[ info ] [ RUN ] app\admin\controller\Index->login[ D:\wamp\www\myblog\application\admin\controller\Index.php ]
[ info ] [ VIEW ] D:\wamp\www\myblog\public/../application/admin\view\login.html [ array (
) ]
[ info ] [ LOG ] INIT File

---------------------------------------------------------------
[ 2017-03-03T16:31:20+08:00 ] 127.0.0.16 127.0.0.1 GET /static/common/css/bootstrap.min.css.map
[ log ] www.tp5.com/static/common/css/bootstrap.min.css.map [运行时间：0.109444s][吞吐率：9.14req/s] [内存消耗：1,387.83kb] [文件加载：39]
[ info ] [ LANG ] D:\wamp\www\myblog\thinkphp\lang\zh-cn.php
[ info ] [ BIND ] 'web'
[ info ] [ ROUTE ] array (
  'type' => 'module',
  'module' => 
  array (
    0 => 'web',
    1 => 'static',
    2 => 'common',
  ),
)
[ info ] [ HEADER ] array (
  'host' => 'www.tp5.com',
  'connection' => 'keep-alive',
  'user-agent' => 'Mozilla/5.0 (Windows NT 10.0; WOW64) AppleWebKit/537.36 (KHTML, like Gecko) Chrome/56.0.2924.87 Safari/537.36',
  'accept-encoding' => 'gzip, deflate, sdch',
  'accept-language' => 'zh-CN,zh;q=0.8',
)
[ info ] [ PARAM ] array (
  'css' => 'bootstrap.min.css.map',
)
[ info ] [ LOG ] INIT File

---------------------------------------------------------------
[ 2017-03-03T16:31:27+08:00 ] 127.0.0.16 127.0.0.1 GET /admin.php/index/login
[ log ] www.tp5.com/admin.php/index/login [运行时间：0.196413s][吞吐率：5.09req/s] [内存消耗：1,778.13kb] [文件加载：47]
[ info ] [ LANG ] D:\wamp\www\myblog\thinkphp\lang\zh-cn.php
[ info ] [ BIND ] 'admin'
[ info ] [ ROUTE ] array (
  'type' => 'module',
  'module' => 
  array (
    0 => 'admin',
    1 => 'index',
    2 => 'login',
  ),
)
[ info ] [ HEADER ] array (
  'host' => 'www.tp5.com',
  'connection' => 'keep-alive',
  'cache-control' => 'max-age=0',
  'upgrade-insecure-requests' => '1',
  'user-agent' => 'Mozilla/5.0 (Windows NT 10.0; WOW64) AppleWebKit/537.36 (KHTML, like Gecko) Chrome/56.0.2924.87 Safari/537.36',
  'accept' => 'text/html,application/xhtml+xml,application/xml;q=0.9,image/webp,*/*;q=0.8',
  'accept-encoding' => 'gzip, deflate, sdch',
  'accept-language' => 'zh-CN,zh;q=0.8',
)
[ info ] [ PARAM ] array (
)
[ info ] [ RUN ] app\admin\controller\Index->login[ D:\wamp\www\myblog\application\admin\controller\Index.php ]
[ info ] [ VIEW ] D:\wamp\www\myblog\public/../application/admin\view\login.html [ array (
) ]
[ info ] [ LOG ] INIT File

---------------------------------------------------------------
[ 2017-03-03T16:31:27+08:00 ] 127.0.0.16 127.0.0.1 GET /static/common/css/bootstrap.min.css.map
[ log ] www.tp5.com/static/common/css/bootstrap.min.css.map [运行时间：0.133871s][吞吐率：7.47req/s] [内存消耗：1,387.83kb] [文件加载：39]
[ info ] [ LANG ] D:\wamp\www\myblog\thinkphp\lang\zh-cn.php
[ info ] [ BIND ] 'web'
[ info ] [ ROUTE ] array (
  'type' => 'module',
  'module' => 
  array (
    0 => 'web',
    1 => 'static',
    2 => 'common',
  ),
)
[ info ] [ HEADER ] array (
  'host' => 'www.tp5.com',
  'connection' => 'keep-alive',
  'user-agent' => 'Mozilla/5.0 (Windows NT 10.0; WOW64) AppleWebKit/537.36 (KHTML, like Gecko) Chrome/56.0.2924.87 Safari/537.36',
  'accept-encoding' => 'gzip, deflate, sdch',
  'accept-language' => 'zh-CN,zh;q=0.8',
)
[ info ] [ PARAM ] array (
  'css' => 'bootstrap.min.css.map',
)
[ info ] [ LOG ] INIT File

---------------------------------------------------------------
[ 2017-03-03T16:33:21+08:00 ] 127.0.0.16 127.0.0.1 GET /admin.php/index/login
[ log ] www.tp5.com/admin.php/index/login [运行时间：0.201253s][吞吐率：4.97req/s] [内存消耗：1,778.13kb] [文件加载：47]
[ info ] [ LANG ] D:\wamp\www\myblog\thinkphp\lang\zh-cn.php
[ info ] [ BIND ] 'admin'
[ info ] [ ROUTE ] array (
  'type' => 'module',
  'module' => 
  array (
    0 => 'admin',
    1 => 'index',
    2 => 'login',
  ),
)
[ info ] [ HEADER ] array (
  'host' => 'www.tp5.com',
  'connection' => 'keep-alive',
  'cache-control' => 'max-age=0',
  'upgrade-insecure-requests' => '1',
  'user-agent' => 'Mozilla/5.0 (Windows NT 10.0; WOW64) AppleWebKit/537.36 (KHTML, like Gecko) Chrome/56.0.2924.87 Safari/537.36',
  'accept' => 'text/html,application/xhtml+xml,application/xml;q=0.9,image/webp,*/*;q=0.8',
  'accept-encoding' => 'gzip, deflate, sdch',
  'accept-language' => 'zh-CN,zh;q=0.8',
)
[ info ] [ PARAM ] array (
)
[ info ] [ RUN ] app\admin\controller\Index->login[ D:\wamp\www\myblog\application\admin\controller\Index.php ]
[ info ] [ VIEW ] D:\wamp\www\myblog\public/../application/admin\view\login.html [ array (
) ]
[ info ] [ LOG ] INIT File

---------------------------------------------------------------
[ 2017-03-03T16:33:21+08:00 ] 127.0.0.16 127.0.0.1 GET /static/common/css/bootstrap.min.css.map
[ log ] www.tp5.com/static/common/css/bootstrap.min.css.map [运行时间：0.106731s][吞吐率：9.37req/s] [内存消耗：1,387.83kb] [文件加载：39]
[ info ] [ LANG ] D:\wamp\www\myblog\thinkphp\lang\zh-cn.php
[ info ] [ BIND ] 'web'
[ info ] [ ROUTE ] array (
  'type' => 'module',
  'module' => 
  array (
    0 => 'web',
    1 => 'static',
    2 => 'common',
  ),
)
[ info ] [ HEADER ] array (
  'host' => 'www.tp5.com',
  'connection' => 'keep-alive',
  'user-agent' => 'Mozilla/5.0 (Windows NT 10.0; WOW64) AppleWebKit/537.36 (KHTML, like Gecko) Chrome/56.0.2924.87 Safari/537.36',
  'accept-encoding' => 'gzip, deflate, sdch',
  'accept-language' => 'zh-CN,zh;q=0.8',
)
[ info ] [ PARAM ] array (
  'css' => 'bootstrap.min.css.map',
)
[ info ] [ LOG ] INIT File

---------------------------------------------------------------
[ 2017-03-03T16:47:49+08:00 ] 127.0.0.16 127.0.0.1 GET /
[ log ] www.tp5.com/ [运行时间：0.598843s][吞吐率：1.67req/s] [内存消耗：1,787.66kb] [文件加载：47]
[ info ] [ LANG ] D:\wamp\www\myblog\thinkphp\lang\zh-cn.php
[ info ] [ BIND ] 'web'
[ info ] [ ROUTE ] array (
  'type' => 'module',
  'module' => 
  array (
    0 => 'web',
    1 => 'index',
    2 => 'index',
  ),
)
[ info ] [ HEADER ] array (
  'host' => 'www.tp5.com',
  'connection' => 'keep-alive',
  'upgrade-insecure-requests' => '1',
  'user-agent' => 'Mozilla/5.0 (Windows NT 10.0; WOW64) AppleWebKit/537.36 (KHTML, like Gecko) Chrome/56.0.2924.87 Safari/537.36',
  'accept' => 'text/html,application/xhtml+xml,application/xml;q=0.9,image/webp,*/*;q=0.8',
  'accept-encoding' => 'gzip, deflate, sdch',
  'accept-language' => 'zh-CN,zh;q=0.8',
)
[ info ] [ PARAM ] array (
)
[ info ] [ RUN ] app\web\controller\Index->index[ D:\wamp\www\myblog\application\web\controller\Index.php ]
[ info ] [ VIEW ] D:\wamp\www\myblog\public/../application/web\view\index.html [ array (
) ]
[ info ] [ LOG ] INIT File

---------------------------------------------------------------
[ 2017-03-03T16:47:52+08:00 ] 127.0.0.16 127.0.0.1 GET /aboutme
[ log ] www.tp5.com/aboutme [运行时间：0.517301s][吞吐率：1.93req/s] [内存消耗：1,785.70kb] [文件加载：47]
[ info ] [ LANG ] D:\wamp\www\myblog\thinkphp\lang\zh-cn.php
[ info ] [ BIND ] 'web'
[ info ] [ ROUTE ] array (
  'type' => 'module',
  'module' => 
  array (
    0 => 'web',
    1 => 'index',
    2 => 'aboutme',
  ),
)
[ info ] [ HEADER ] array (
  'host' => 'www.tp5.com',
  'connection' => 'keep-alive',
  'upgrade-insecure-requests' => '1',
  'user-agent' => 'Mozilla/5.0 (Windows NT 10.0; WOW64) AppleWebKit/537.36 (KHTML, like Gecko) Chrome/56.0.2924.87 Safari/537.36',
  'accept' => 'text/html,application/xhtml+xml,application/xml;q=0.9,image/webp,*/*;q=0.8',
  'referer' => 'http://www.tp5.com/',
  'accept-encoding' => 'gzip, deflate, sdch',
  'accept-language' => 'zh-CN,zh;q=0.8',
)
[ info ] [ PARAM ] array (
)
[ info ] [ RUN ] app\web\controller\Index->aboutme[ D:\wamp\www\myblog\application\web\controller\Index.php ]
[ info ] [ VIEW ] D:\wamp\www\myblog\public/../application/web\view\about.html [ array (
) ]
[ info ] [ LOG ] INIT File

---------------------------------------------------------------
[ 2017-03-03T16:47:54+08:00 ] 127.0.0.16 127.0.0.1 GET /shuo
[ log ] www.tp5.com/shuo [运行时间：0.515557s][吞吐率：1.94req/s] [内存消耗：1,786.13kb] [文件加载：47]
[ info ] [ LANG ] D:\wamp\www\myblog\thinkphp\lang\zh-cn.php
[ info ] [ BIND ] 'web'
[ info ] [ ROUTE ] array (
  'type' => 'module',
  'module' => 
  array (
    0 => 'web',
    1 => 'index',
    2 => 'shuo',
  ),
)
[ info ] [ HEADER ] array (
  'host' => 'www.tp5.com',
  'connection' => 'keep-alive',
  'upgrade-insecure-requests' => '1',
  'user-agent' => 'Mozilla/5.0 (Windows NT 10.0; WOW64) AppleWebKit/537.36 (KHTML, like Gecko) Chrome/56.0.2924.87 Safari/537.36',
  'accept' => 'text/html,application/xhtml+xml,application/xml;q=0.9,image/webp,*/*;q=0.8',
  'referer' => 'http://www.tp5.com/aboutme',
  'accept-encoding' => 'gzip, deflate, sdch',
  'accept-language' => 'zh-CN,zh;q=0.8',
)
[ info ] [ PARAM ] array (
)
[ info ] [ RUN ] app\web\controller\Index->shuo[ D:\wamp\www\myblog\application\web\controller\Index.php ]
[ info ] [ VIEW ] D:\wamp\www\myblog\public/../application/web\view\shuo.html [ array (
) ]
[ info ] [ LOG ] INIT File

---------------------------------------------------------------
[ 2017-03-03T16:47:55+08:00 ] 127.0.0.16 127.0.0.1 GET /note
[ log ] www.tp5.com/note [运行时间：0.655097s][吞吐率：1.53req/s] [内存消耗：1,795.06kb] [文件加载：47]
[ info ] [ LANG ] D:\wamp\www\myblog\thinkphp\lang\zh-cn.php
[ info ] [ BIND ] 'web'
[ info ] [ ROUTE ] array (
  'type' => 'module',
  'module' => 
  array (
    0 => 'web',
    1 => 'index',
    2 => 'note',
  ),
)
[ info ] [ HEADER ] array (
  'host' => 'www.tp5.com',
  'connection' => 'keep-alive',
  'upgrade-insecure-requests' => '1',
  'user-agent' => 'Mozilla/5.0 (Windows NT 10.0; WOW64) AppleWebKit/537.36 (KHTML, like Gecko) Chrome/56.0.2924.87 Safari/537.36',
  'accept' => 'text/html,application/xhtml+xml,application/xml;q=0.9,image/webp,*/*;q=0.8',
  'referer' => 'http://www.tp5.com/shuo',
  'accept-encoding' => 'gzip, deflate, sdch',
  'accept-language' => 'zh-CN,zh;q=0.8',
)
[ info ] [ PARAM ] array (
)
[ info ] [ RUN ] app\web\controller\Index->note[ D:\wamp\www\myblog\application\web\controller\Index.php ]
[ info ] [ VIEW ] D:\wamp\www\myblog\public/../application/web\view\riji.html [ array (
  0 => 'actionname',
) ]
[ info ] [ LOG ] INIT File

---------------------------------------------------------------
[ 2017-03-03T16:47:55+08:00 ] 127.0.0.16 127.0.0.1 GET /css/animate.css
[ log ] www.tp5.com/css/animate.css [运行时间：0.120779s][吞吐率：8.28req/s] [内存消耗：1,387.80kb] [文件加载：39]
[ info ] [ LANG ] D:\wamp\www\myblog\thinkphp\lang\zh-cn.php
[ info ] [ BIND ] 'web'
[ info ] [ ROUTE ] array (
  'type' => 'module',
  'module' => 
  array (
    0 => 'web',
    1 => 'css',
    2 => 'animate.css',
  ),
)
[ info ] [ HEADER ] array (
  'host' => 'www.tp5.com',
  'connection' => 'keep-alive',
  'user-agent' => 'Mozilla/5.0 (Windows NT 10.0; WOW64) AppleWebKit/537.36 (KHTML, like Gecko) Chrome/56.0.2924.87 Safari/537.36',
  'accept' => 'text/css,*/*;q=0.1',
  'referer' => 'http://www.tp5.com/note',
  'accept-encoding' => 'gzip, deflate, sdch',
  'accept-language' => 'zh-CN,zh;q=0.8',
)
[ info ] [ PARAM ] array (
)
[ info ] [ LOG ] INIT File

---------------------------------------------------------------
[ 2017-03-03T16:47:57+08:00 ] 127.0.0.16 127.0.0.1 GET /photo
[ log ] www.tp5.com/photo [运行时间：0.549923s][吞吐率：1.82req/s] [内存消耗：1,788.16kb] [文件加载：47]
[ info ] [ LANG ] D:\wamp\www\myblog\thinkphp\lang\zh-cn.php
[ info ] [ BIND ] 'web'
[ info ] [ ROUTE ] array (
  'type' => 'module',
  'module' => 
  array (
    0 => 'web',
    1 => 'index',
    2 => 'photo',
  ),
)
[ info ] [ HEADER ] array (
  'host' => 'www.tp5.com',
  'connection' => 'keep-alive',
  'upgrade-insecure-requests' => '1',
  'user-agent' => 'Mozilla/5.0 (Windows NT 10.0; WOW64) AppleWebKit/537.36 (KHTML, like Gecko) Chrome/56.0.2924.87 Safari/537.36',
  'accept' => 'text/html,application/xhtml+xml,application/xml;q=0.9,image/webp,*/*;q=0.8',
  'referer' => 'http://www.tp5.com/note',
  'accept-encoding' => 'gzip, deflate, sdch',
  'accept-language' => 'zh-CN,zh;q=0.8',
)
[ info ] [ PARAM ] array (
)
[ info ] [ RUN ] app\web\controller\Index->photo[ D:\wamp\www\myblog\application\web\controller\Index.php ]
[ info ] [ VIEW ] D:\wamp\www\myblog\public/../application/web\view\xc.html [ array (
  0 => 'actionname',
) ]
[ info ] [ LOG ] INIT File

---------------------------------------------------------------
[ 2017-03-03T16:48:00+08:00 ] 127.0.0.16 127.0.0.1 GET /learning
[ log ] www.tp5.com/learning [运行时间：0.485917s][吞吐率：2.06req/s] [内存消耗：1,796.08kb] [文件加载：47]
[ info ] [ LANG ] D:\wamp\www\myblog\thinkphp\lang\zh-cn.php
[ info ] [ BIND ] 'web'
[ info ] [ ROUTE ] array (
  'type' => 'module',
  'module' => 
  array (
    0 => 'web',
    1 => 'index',
    2 => 'learning',
  ),
)
[ info ] [ HEADER ] array (
  'host' => 'www.tp5.com',
  'connection' => 'keep-alive',
  'upgrade-insecure-requests' => '1',
  'user-agent' => 'Mozilla/5.0 (Windows NT 10.0; WOW64) AppleWebKit/537.36 (KHTML, like Gecko) Chrome/56.0.2924.87 Safari/537.36',
  'accept' => 'text/html,application/xhtml+xml,application/xml;q=0.9,image/webp,*/*;q=0.8',
  'referer' => 'http://www.tp5.com/photo',
  'accept-encoding' => 'gzip, deflate, sdch',
  'accept-language' => 'zh-CN,zh;q=0.8',
)
[ info ] [ PARAM ] array (
)
[ info ] [ RUN ] app\web\controller\Index->learning[ D:\wamp\www\myblog\application\web\controller\Index.php ]
[ info ] [ VIEW ] D:\wamp\www\myblog\public/../application/web\view\learn.html [ array (
) ]
[ info ] [ LOG ] INIT File

---------------------------------------------------------------
[ 2017-03-03T16:48:02+08:00 ] 127.0.0.16 127.0.0.1 GET /guestbook
[ log ] www.tp5.com/guestbook [运行时间：0.448016s][吞吐率：2.23req/s] [内存消耗：1,785.52kb] [文件加载：47]
[ info ] [ LANG ] D:\wamp\www\myblog\thinkphp\lang\zh-cn.php
[ info ] [ BIND ] 'web'
[ info ] [ ROUTE ] array (
  'type' => 'module',
  'module' => 
  array (
    0 => 'web',
    1 => 'index',
    2 => 'guestbook',
  ),
)
[ info ] [ HEADER ] array (
  'host' => 'www.tp5.com',
  'connection' => 'keep-alive',
  'upgrade-insecure-requests' => '1',
  'user-agent' => 'Mozilla/5.0 (Windows NT 10.0; WOW64) AppleWebKit/537.36 (KHTML, like Gecko) Chrome/56.0.2924.87 Safari/537.36',
  'accept' => 'text/html,application/xhtml+xml,application/xml;q=0.9,image/webp,*/*;q=0.8',
  'referer' => 'http://www.tp5.com/learning',
  'accept-encoding' => 'gzip, deflate, sdch',
  'accept-language' => 'zh-CN,zh;q=0.8',
)
[ info ] [ PARAM ] array (
)
[ info ] [ RUN ] app\web\controller\Index->guestbook[ D:\wamp\www\myblog\application\web\controller\Index.php ]
[ info ] [ VIEW ] D:\wamp\www\myblog\public/../application/web\view\guestbook.html [ array (
) ]
[ info ] [ LOG ] INIT File

---------------------------------------------------------------
[ 2017-03-03T16:48:04+08:00 ] 127.0.0.16 127.0.0.1 GET /photo
[ log ] www.tp5.com/photo [运行时间：0.152341s][吞吐率：6.56req/s] [内存消耗：1,788.19kb] [文件加载：47]
[ info ] [ LANG ] D:\wamp\www\myblog\thinkphp\lang\zh-cn.php
[ info ] [ BIND ] 'web'
[ info ] [ ROUTE ] array (
  'type' => 'module',
  'module' => 
  array (
    0 => 'web',
    1 => 'index',
    2 => 'photo',
  ),
)
[ info ] [ HEADER ] array (
  'host' => 'www.tp5.com',
  'connection' => 'keep-alive',
  'upgrade-insecure-requests' => '1',
  'user-agent' => 'Mozilla/5.0 (Windows NT 10.0; WOW64) AppleWebKit/537.36 (KHTML, like Gecko) Chrome/56.0.2924.87 Safari/537.36',
  'accept' => 'text/html,application/xhtml+xml,application/xml;q=0.9,image/webp,*/*;q=0.8',
  'referer' => 'http://www.tp5.com/guestbook',
  'accept-encoding' => 'gzip, deflate, sdch',
  'accept-language' => 'zh-CN,zh;q=0.8',
)
[ info ] [ PARAM ] array (
)
[ info ] [ RUN ] app\web\controller\Index->photo[ D:\wamp\www\myblog\application\web\controller\Index.php ]
[ info ] [ VIEW ] D:\wamp\www\myblog\public/../application/web\view\xc.html [ array (
  0 => 'actionname',
) ]
[ info ] [ LOG ] INIT File

---------------------------------------------------------------
[ 2017-03-03T16:48:17+08:00 ] 127.0.0.16 127.0.0.1 GET /
[ log ] www.tp5.com/ [运行时间：0.167639s][吞吐率：5.97req/s] [内存消耗：1,787.89kb] [文件加载：47]
[ info ] [ LANG ] D:\wamp\www\myblog\thinkphp\lang\zh-cn.php
[ info ] [ BIND ] 'web'
[ info ] [ ROUTE ] array (
  'type' => 'module',
  'module' => 
  array (
    0 => 'web',
    1 => 'index',
    2 => 'index',
  ),
)
[ info ] [ HEADER ] array (
  'host' => 'www.tp5.com',
  'connection' => 'keep-alive',
  'upgrade-insecure-requests' => '1',
  'user-agent' => 'Mozilla/5.0 (Windows NT 10.0; WOW64) AppleWebKit/537.36 (KHTML, like Gecko) Chrome/56.0.2924.87 Safari/537.36',
  'accept' => 'text/html,application/xhtml+xml,application/xml;q=0.9,image/webp,*/*;q=0.8',
  'referer' => 'http://www.tp5.com/photo',
  'accept-encoding' => 'gzip, deflate, sdch',
  'accept-language' => 'zh-CN,zh;q=0.8',
)
[ info ] [ PARAM ] array (
)
[ info ] [ RUN ] app\web\controller\Index->index[ D:\wamp\www\myblog\application\web\controller\Index.php ]
[ info ] [ VIEW ] D:\wamp\www\myblog\public/../application/web\view\index.html [ array (
) ]
[ info ] [ LOG ] INIT File

---------------------------------------------------------------
[ 2017-03-03T16:55:16+08:00 ] 127.0.0.16 127.0.0.1 GET /admin.php/index/login
[ log ] www.tp5.com/admin.php/index/login [运行时间：0.194021s][吞吐率：5.15req/s] [内存消耗：1,778.33kb] [文件加载：47]
[ info ] [ LANG ] D:\wamp\www\myblog\thinkphp\lang\zh-cn.php
[ info ] [ BIND ] 'admin'
[ info ] [ ROUTE ] array (
  'type' => 'module',
  'module' => 
  array (
    0 => 'admin',
    1 => 'index',
    2 => 'login',
  ),
)
[ info ] [ HEADER ] array (
  'host' => 'www.tp5.com',
  'connection' => 'keep-alive',
  'cache-control' => 'max-age=0',
  'upgrade-insecure-requests' => '1',
  'user-agent' => 'Mozilla/5.0 (Windows NT 10.0; WOW64) AppleWebKit/537.36 (KHTML, like Gecko) Chrome/56.0.2924.87 Safari/537.36',
  'accept' => 'text/html,application/xhtml+xml,application/xml;q=0.9,image/webp,*/*;q=0.8',
  'accept-encoding' => 'gzip, deflate, sdch',
  'accept-language' => 'zh-CN,zh;q=0.8',
)
[ info ] [ PARAM ] array (
)
[ info ] [ RUN ] app\admin\controller\Index->login[ D:\wamp\www\myblog\application\admin\controller\Index.php ]
[ info ] [ VIEW ] D:\wamp\www\myblog\public/../application/admin\view\login.html [ array (
) ]
[ info ] [ LOG ] INIT File

---------------------------------------------------------------
[ 2017-03-03T16:55:17+08:00 ] 127.0.0.16 127.0.0.1 GET /static/common/css/bootstrap.min.css.map
[ log ] www.tp5.com/static/common/css/bootstrap.min.css.map [运行时间：0.140961s][吞吐率：7.09req/s] [内存消耗：1,387.83kb] [文件加载：39]
[ info ] [ LANG ] D:\wamp\www\myblog\thinkphp\lang\zh-cn.php
[ info ] [ BIND ] 'web'
[ info ] [ ROUTE ] array (
  'type' => 'module',
  'module' => 
  array (
    0 => 'web',
    1 => 'static',
    2 => 'common',
  ),
)
[ info ] [ HEADER ] array (
  'host' => 'www.tp5.com',
  'connection' => 'keep-alive',
  'user-agent' => 'Mozilla/5.0 (Windows NT 10.0; WOW64) AppleWebKit/537.36 (KHTML, like Gecko) Chrome/56.0.2924.87 Safari/537.36',
  'accept-encoding' => 'gzip, deflate, sdch',
  'accept-language' => 'zh-CN,zh;q=0.8',
)
[ info ] [ PARAM ] array (
  'css' => 'bootstrap.min.css.map',
)
[ info ] [ LOG ] INIT File

---------------------------------------------------------------
[ 2017-03-03T16:55:19+08:00 ] 127.0.0.16 127.0.0.1 GET /admin.php/index/login
[ log ] www.tp5.com/admin.php/index/login [运行时间：0.082338s][吞吐率：12.15req/s] [内存消耗：1,778.33kb] [文件加载：47]
[ info ] [ LANG ] D:\wamp\www\myblog\thinkphp\lang\zh-cn.php
[ info ] [ BIND ] 'admin'
[ info ] [ ROUTE ] array (
  'type' => 'module',
  'module' => 
  array (
    0 => 'admin',
    1 => 'index',
    2 => 'login',
  ),
)
[ info ] [ HEADER ] array (
  'host' => 'www.tp5.com',
  'connection' => 'keep-alive',
  'cache-control' => 'max-age=0',
  'upgrade-insecure-requests' => '1',
  'user-agent' => 'Mozilla/5.0 (Windows NT 10.0; WOW64) AppleWebKit/537.36 (KHTML, like Gecko) Chrome/56.0.2924.87 Safari/537.36',
  'accept' => 'text/html,application/xhtml+xml,application/xml;q=0.9,image/webp,*/*;q=0.8',
  'accept-encoding' => 'gzip, deflate, sdch',
  'accept-language' => 'zh-CN,zh;q=0.8',
)
[ info ] [ PARAM ] array (
)
[ info ] [ RUN ] app\admin\controller\Index->login[ D:\wamp\www\myblog\application\admin\controller\Index.php ]
[ info ] [ VIEW ] D:\wamp\www\myblog\public/../application/admin\view\login.html [ array (
) ]
[ info ] [ LOG ] INIT File

---------------------------------------------------------------
[ 2017-03-03T16:55:20+08:00 ] 127.0.0.16 127.0.0.1 GET /static/common/css/bootstrap.min.css.map
[ log ] www.tp5.com/static/common/css/bootstrap.min.css.map [运行时间：0.059798s][吞吐率：16.72req/s] [内存消耗：1,387.83kb] [文件加载：39]
[ info ] [ LANG ] D:\wamp\www\myblog\thinkphp\lang\zh-cn.php
[ info ] [ BIND ] 'web'
[ info ] [ ROUTE ] array (
  'type' => 'module',
  'module' => 
  array (
    0 => 'web',
    1 => 'static',
    2 => 'common',
  ),
)
[ info ] [ HEADER ] array (
  'host' => 'www.tp5.com',
  'connection' => 'keep-alive',
  'user-agent' => 'Mozilla/5.0 (Windows NT 10.0; WOW64) AppleWebKit/537.36 (KHTML, like Gecko) Chrome/56.0.2924.87 Safari/537.36',
  'accept-encoding' => 'gzip, deflate, sdch',
  'accept-language' => 'zh-CN,zh;q=0.8',
)
[ info ] [ PARAM ] array (
  'css' => 'bootstrap.min.css.map',
)
[ info ] [ LOG ] INIT File

---------------------------------------------------------------
[ 2017-03-03T16:56:09+08:00 ] 127.0.0.16 127.0.0.1 GET /admin.php/index/login
[ log ] www.tp5.com/admin.php/index/login [运行时间：0.225391s][吞吐率：4.44req/s] [内存消耗：1,778.48kb] [文件加载：47]
[ info ] [ LANG ] D:\wamp\www\myblog\thinkphp\lang\zh-cn.php
[ info ] [ BIND ] 'admin'
[ info ] [ ROUTE ] array (
  'type' => 'module',
  'module' => 
  array (
    0 => 'admin',
    1 => 'index',
    2 => 'login',
  ),
)
[ info ] [ HEADER ] array (
  'host' => 'www.tp5.com',
  'connection' => 'keep-alive',
  'cache-control' => 'max-age=0',
  'upgrade-insecure-requests' => '1',
  'user-agent' => 'Mozilla/5.0 (Windows NT 10.0; WOW64) AppleWebKit/537.36 (KHTML, like Gecko) Chrome/56.0.2924.87 Safari/537.36',
  'accept' => 'text/html,application/xhtml+xml,application/xml;q=0.9,image/webp,*/*;q=0.8',
  'accept-encoding' => 'gzip, deflate, sdch',
  'accept-language' => 'zh-CN,zh;q=0.8',
)
[ info ] [ PARAM ] array (
)
[ info ] [ RUN ] app\admin\controller\Index->login[ D:\wamp\www\myblog\application\admin\controller\Index.php ]
[ info ] [ VIEW ] D:\wamp\www\myblog\public/../application/admin\view\login.html [ array (
) ]
[ info ] [ LOG ] INIT File

---------------------------------------------------------------
[ 2017-03-03T16:56:09+08:00 ] 127.0.0.16 127.0.0.1 GET /static/common/css/bootstrap.min.css.map
[ log ] www.tp5.com/static/common/css/bootstrap.min.css.map [运行时间：0.110648s][吞吐率：9.04req/s] [内存消耗：1,387.83kb] [文件加载：39]
[ info ] [ LANG ] D:\wamp\www\myblog\thinkphp\lang\zh-cn.php
[ info ] [ BIND ] 'web'
[ info ] [ ROUTE ] array (
  'type' => 'module',
  'module' => 
  array (
    0 => 'web',
    1 => 'static',
    2 => 'common',
  ),
)
[ info ] [ HEADER ] array (
  'host' => 'www.tp5.com',
  'connection' => 'keep-alive',
  'user-agent' => 'Mozilla/5.0 (Windows NT 10.0; WOW64) AppleWebKit/537.36 (KHTML, like Gecko) Chrome/56.0.2924.87 Safari/537.36',
  'accept-encoding' => 'gzip, deflate, sdch',
  'accept-language' => 'zh-CN,zh;q=0.8',
)
[ info ] [ PARAM ] array (
  'css' => 'bootstrap.min.css.map',
)
[ info ] [ LOG ] INIT File

---------------------------------------------------------------
